<?xml version='1.0' encoding='UTF-8'?>
<testsuite hostname="LAPTOP-ADEE62RQ" name="com.tp.spark.core.Ex2TweetMiningSpec" tests="3" errors="0" failures="0" skipped="0" time="16.338" timestamp="2022-03-03T15:52:08">
          <properties>
[...]
</properties>
          <testcase classname="com.tp.spark.core.Ex2TweetMiningSpec" name="should count the persons mentioned on tweets" time="14.295">
                      
                    </testcase><testcase classname="com.tp.spark.core.Ex2TweetMiningSpec" name="should count the number for each user mention" time="1.142">
                      
                    </testcase><testcase classname="com.tp.spark.core.Ex2TweetMiningSpec" name="should define the top10" time="0.901">
                      
                    </testcase>
          <system-out><![CDATA[]]></system-out>
          <system-err><![CDATA[]]></system-err>
        </testsuite>