2022.02.18 15:44:44 INFO  tracing is disabled for protocol LSP, to enable tracing of incoming and outgoing JSON messages create an empty file at c:\Users\hadij\Downloads\spark-lab-json\.metals\lsp.trace.json or C:\Users\hadij\AppData\Local\scalameta\metals\cache\lsp.trace.json
2022.02.18 15:44:45 INFO  logging to file C:\Users\hadij\Downloads\spark-lab-json\.metals\metals.log
2022.02.18 15:44:45 INFO  Started: Metals version 0.11.1 in workspace 'C:\Users\hadij\Downloads\spark-lab-json' for client Visual Studio Code 1.64.2.
2022.02.18 15:44:45 INFO  Parse release: 1.8.0_311
2022.02.18 15:44:45 WARN  Can't instantiate JavaInteractiveSemanticdb (version: Some(JdkVersion(1,8)), jdkHome: C:\Program Files (x86)\Java\jre1.8.0_311, javac exists: false)
2022.02.18 15:44:46 INFO  time: initialize in 0.39s
2022.02.18 15:44:46 WARN  Build server is not auto-connectable.
2022.02.18 15:44:46 WARN  no build target for: C:\Users\hadij\Downloads\spark-lab-json\build.sbt
2022.02.18 15:44:52 INFO  running 'C:\Program Files (x86)\Java\jre1.8.0_311\bin\java -Djline.terminal=jline.UnsupportedTerminal -Dsbt.log.noformat=true -Dfile.encoding=UTF-8 -Dsbt.version=1.6.1 -jar C:\Users\hadij\AppData\Local\Temp\metals1482337502980185320\sbt-launch.jar -Dbloop.export-jar-classifiers=sources bloopInstall'
2022.02.18 15:44:53 ERROR [info] [launcher] getting org.scala-sbt sbt 1.6.1  (this may take some time)...
2022.02.18 15:44:53 INFO  no build target found for C:\Users\hadij\Downloads\spark-lab-json\build.sbt. Using presentation compiler with project's scala-library version: 3.1.0
2022.02.18 15:44:54 INFO  time: code lens generation in 7.09s
2022.02.18 15:44:54 INFO  time: code lens generation in 1.01s
2022.02.18 15:45:24 ERROR downloading https://repo1.maven.org/maven2/org/scala-sbt/sbt/1.6.1/sbt-1.6.1.jar ...
2022.02.18 15:45:24 ERROR downloading https://repo1.maven.org/maven2/org/scala-sbt/io_2.12/1.6.0/io_2.12-1.6.0.jar ...
2022.02.18 15:45:24 ERROR downloading https://repo1.maven.org/maven2/org/scala-sbt/main_2.12/1.6.1/main_2.12-1.6.1.jar ...
2022.02.18 15:45:24 ERROR downloading https://repo1.maven.org/maven2/org/scala-sbt/actions_2.12/1.6.1/actions_2.12-1.6.1.jar ...
2022.02.18 15:45:24 ERROR downloading https://repo1.maven.org/maven2/org/scala-sbt/util-logging_2.12/1.6.1/util-logging_2.12-1.6.1.jar ...
2022.02.18 15:45:24 ERROR downloading https://repo1.maven.org/maven2/org/scala-sbt/logic_2.12/1.6.1/logic_2.12-1.6.1.jar ...
2022.02.18 15:45:24 ERROR downloading https://repo1.maven.org/maven2/org/scala-lang/scala-library/2.12.15/scala-library-2.12.15.jar ...
2022.02.18 15:45:24 ERROR downloading https://repo1.maven.org/maven2/com/github/ben-manes/caffeine/caffeine/2.8.5/caffeine-2.8.5.jar ...
2022.02.18 15:45:24 ERROR downloading https://repo1.maven.org/maven2/org/scala-sbt/run_2.12/1.6.1/run_2.12-1.6.1.jar ...
2022.02.18 15:45:24 ERROR downloading https://repo1.maven.org/maven2/org/scala-sbt/command_2.12/1.6.1/command_2.12-1.6.1.jar ...
2022.02.18 15:45:24 ERROR downloading https://repo1.maven.org/maven2/org/scala-sbt/zinc-lm-integration_2.12/1.6.1/zinc-lm-integration_2.12-1.6.1.jar ...
2022.02.18 15:45:24 ERROR downloading https://repo1.maven.org/maven2/org/scala-sbt/collections_2.12/1.6.1/collections_2.12-1.6.1.jar ...
2022.02.18 15:45:24 ERROR downloading https://repo1.maven.org/maven2/org/scala-sbt/scripted-plugin_2.12/1.6.1/scripted-plugin_2.12-1.6.1.jar ...
2022.02.18 15:45:24 ERROR downloading https://repo1.maven.org/maven2/org/scala-sbt/main-settings_2.12/1.6.1/main-settings_2.12-1.6.1.jar ...
2022.02.18 15:45:24 ERROR downloading https://repo1.maven.org/maven2/org/scala-lang/modules/scala-xml_2.12/1.3.0/scala-xml_2.12-1.3.0.jar ...
2022.02.18 15:45:24 ERROR downloading https://repo1.maven.org/maven2/org/scala-sbt/launcher-interface/1.3.3/launcher-interface-1.3.3.jar ...
2022.02.18 15:45:24 ERROR :: loading settings :: url = jar:file:/C:/Users/hadij/AppData/Local/Temp/metals1482337502980185320/sbt-launch.jar!/org/apache/ivy/core/settings/ivysettings.xml
2022.02.18 15:45:24 ERROR :: loading settings :: url = jar:file:/C:/Users/hadij/AppData/Local/Temp/metals1482337502980185320/sbt-launch.jar!/org/apache/ivy/core/settings/ivysettings.xml
2022.02.18 15:45:24 ERROR :: loading settings :: url = jar:file:/C:/Users/hadij/AppData/Local/Temp/metals1482337502980185320/sbt-launch.jar!/org/apache/ivy/core/settings/ivysettings.xml
2022.02.18 15:45:24 ERROR :: loading settings :: url = jar:file:/C:/Users/hadij/AppData/Local/Temp/metals1482337502980185320/sbt-launch.jar!/org/apache/ivy/core/settings/ivysettings.xml
2022.02.18 15:45:24 ERROR :: loading settings :: url = jar:file:/C:/Users/hadij/AppData/Local/Temp/metals1482337502980185320/sbt-launch.jar!/org/apache/ivy/core/settings/ivysettings.xml
2022.02.18 15:45:24 ERROR :: loading settings :: url = jar:file:/C:/Users/hadij/AppData/Local/Temp/metals1482337502980185320/sbt-launch.jar!/org/apache/ivy/core/settings/ivysettings.xml
2022.02.18 15:45:24 ERROR :: loading settings :: url = jar:file:/C:/Users/hadij/AppData/Local/Temp/metals1482337502980185320/sbt-launch.jar!/org/apache/ivy/core/settings/ivysettings.xml
2022.02.18 15:45:24 ERROR :: loading settings :: url = jar:file:/C:/Users/hadij/AppData/Local/Temp/metals1482337502980185320/sbt-launch.jar!/org/apache/ivy/core/settings/ivysettings.xml
2022.02.18 15:45:24 ERROR :: loading settings :: url = jar:file:/C:/Users/hadij/AppData/Local/Temp/metals1482337502980185320/sbt-launch.jar!/org/apache/ivy/core/settings/ivysettings.xml
2022.02.18 15:45:24 ERROR :: loading settings :: url = jar:file:/C:/Users/hadij/AppData/Local/Temp/metals1482337502980185320/sbt-launch.jar!/org/apache/ivy/core/settings/ivysettings.xml
2022.02.18 15:45:24 ERROR :: loading settings :: url = jar:file:/C:/Users/hadij/AppData/Local/Temp/metals1482337502980185320/sbt-launch.jar!/org/apache/ivy/core/settings/ivysettings.xml
2022.02.18 15:45:24 ERROR :: loading settings :: url = jar:file:/C:/Users/hadij/AppData/Local/Temp/metals1482337502980185320/sbt-launch.jar!/org/apache/ivy/core/settings/ivysettings.xml
2022.02.18 15:45:24 ERROR :: loading settings :: url = jar:file:/C:/Users/hadij/AppData/Local/Temp/metals1482337502980185320/sbt-launch.jar!/org/apache/ivy/core/settings/ivysettings.xml
2022.02.18 15:45:24 ERROR :: loading settings :: url = jar:file:/C:/Users/hadij/AppData/Local/Temp/metals1482337502980185320/sbt-launch.jar!/org/apache/ivy/core/settings/ivysettings.xml
2022.02.18 15:45:24 ERROR :: loading settings :: url = jar:file:/C:/Users/hadij/AppData/Local/Temp/metals1482337502980185320/sbt-launch.jar!/org/apache/ivy/core/settings/ivysettings.xml
2022.02.18 15:45:24 ERROR :: loading settings :: url = jar:file:/C:/Users/hadij/AppData/Local/Temp/metals1482337502980185320/sbt-launch.jar!/org/apache/ivy/core/settings/ivysettings.xml
2022.02.18 15:45:24 ERROR 	[SUCCESSFUL ] org.scala-sbt#command_2.12;1.6.1!command_2.12.jar (115ms)
2022.02.18 15:45:24 ERROR downloading https://repo1.maven.org/maven2/io/get-coursier/lm-coursier-shaded_2.12/2.0.10/lm-coursier-shaded_2.12-2.0.10.jar ...
2022.02.18 15:45:24 ERROR 	[SUCCESSFUL ] org.scala-sbt#logic_2.12;1.6.1!logic_2.12.jar (154ms)
2022.02.18 15:45:24 ERROR downloading https://repo1.maven.org/maven2/org/apache/logging/log4j/log4j-api/2.17.1/log4j-api-2.17.1.jar ...
2022.02.18 15:45:24 ERROR 	[SUCCESSFUL ] org.scala-sbt#scripted-plugin_2.12;1.6.1!scripted-plugin_2.12.jar (157ms)
2022.02.18 15:45:24 ERROR downloading https://repo1.maven.org/maven2/org/apache/logging/log4j/log4j-core/2.17.1/log4j-core-2.17.1.jar ...
2022.02.18 15:45:24 ERROR 	[SUCCESSFUL ] org.scala-sbt#sbt;1.6.1!sbt.jar (160ms)
2022.02.18 15:45:24 ERROR downloading https://repo1.maven.org/maven2/org/apache/logging/log4j/log4j-slf4j-impl/2.17.1/log4j-slf4j-impl-2.17.1.jar ...
2022.02.18 15:45:24 ERROR 	[SUCCESSFUL ] org.scala-sbt#launcher-interface;1.3.3!launcher-interface.jar (159ms)
2022.02.18 15:45:24 ERROR downloading https://repo1.maven.org/maven2/org/scala-sbt/librarymanagement-core_2.12/1.6.0/librarymanagement-core_2.12-1.6.0.jar ...
2022.02.18 15:45:24 ERROR 	[SUCCESSFUL ] org.scala-sbt#run_2.12;1.6.1!run_2.12.jar (176ms)
2022.02.18 15:45:24 ERROR 	[SUCCESSFUL ] org.scala-sbt#zinc-lm-integration_2.12;1.6.1!zinc-lm-integration_2.12.jar (176ms)
2022.02.18 15:45:24 ERROR downloading https://repo1.maven.org/maven2/org/scala-sbt/librarymanagement-ivy_2.12/1.6.0/librarymanagement-ivy_2.12-1.6.0.jar ...
2022.02.18 15:45:24 ERROR downloading https://repo1.maven.org/maven2/org/scala-sbt/compiler-interface/1.6.0/compiler-interface-1.6.0.jar ...
2022.02.18 15:45:24 ERROR 	[SUCCESSFUL ] org.scala-sbt#actions_2.12;1.6.1!actions_2.12.jar (192ms)
2022.02.18 15:45:24 ERROR downloading https://repo1.maven.org/maven2/org/scala-sbt/zinc-compile_2.12/1.6.0/zinc-compile_2.12-1.6.0.jar ...
2022.02.18 15:45:24 ERROR 	[SUCCESSFUL ] org.scala-sbt#util-logging_2.12;1.6.1!util-logging_2.12.jar (251ms)
2022.02.18 15:45:24 ERROR 	[SUCCESSFUL ] org.scala-sbt#collections_2.12;1.6.1!collections_2.12.jar (251ms)
2022.02.18 15:45:24 ERROR downloading https://repo1.maven.org/maven2/org/scala-sbt/util-relation_2.12/1.6.1/util-relation_2.12-1.6.1.jar ...
2022.02.18 15:45:24 ERROR downloading https://repo1.maven.org/maven2/org/scala-sbt/util-position_2.12/1.6.1/util-position_2.12-1.6.1.jar ...
2022.02.18 15:45:24 ERROR 	[SUCCESSFUL ] org.apache.logging.log4j#log4j-slf4j-impl;2.17.1!log4j-slf4j-impl.jar (116ms)
2022.02.18 15:45:24 ERROR downloading https://repo1.maven.org/maven2/com/eed3si9n/sjson-new-scalajson_2.12/0.9.1/sjson-new-scalajson_2.12-0.9.1.jar ...
2022.02.18 15:45:24 ERROR 	[SUCCESSFUL ] org.scala-lang.modules#scala-xml_2.12;1.3.0!scala-xml_2.12.jar(bundle) (292ms)
2022.02.18 15:45:24 ERROR downloading https://repo1.maven.org/maven2/org/scala-lang/scala-reflect/2.12.15/scala-reflect-2.12.15.jar ...
2022.02.18 15:45:24 ERROR 	[SUCCESSFUL ] org.scala-sbt#io_2.12;1.6.0!io_2.12.jar (300ms)
2022.02.18 15:45:24 ERROR 	[SUCCESSFUL ] org.scala-sbt#main-settings_2.12;1.6.1!main-settings_2.12.jar (299ms)
2022.02.18 15:45:24 ERROR downloading https://repo1.maven.org/maven2/com/eed3si9n/sjson-new-core_2.12/0.9.1/sjson-new-core_2.12-0.9.1.jar ...
2022.02.18 15:45:24 ERROR downloading https://repo1.maven.org/maven2/com/eed3si9n/shaded-jawn-parser_2.12/0.9.1/shaded-jawn-parser_2.12-0.9.1.jar ...
2022.02.18 15:45:24 ERROR 	[SUCCESSFUL ] org.apache.logging.log4j#log4j-api;2.17.1!log4j-api.jar (154ms)
2022.02.18 15:45:24 ERROR downloading https://repo1.maven.org/maven2/com/eed3si9n/shaded-scalajson_2.12/1.0.0-M4/shaded-scalajson_2.12-1.0.0-M4.jar ...
2022.02.18 15:45:24 ERROR 	[SUCCESSFUL ] org.scala-sbt#zinc-compile_2.12;1.6.0!zinc-compile_2.12.jar (123ms)
2022.02.18 15:45:24 ERROR 	[SUCCESSFUL ] org.scala-sbt#compiler-interface;1.6.0!compiler-interface.jar (138ms)
2022.02.18 15:45:24 ERROR downloading https://repo1.maven.org/maven2/org/scala-sbt/completion_2.12/1.6.1/completion_2.12-1.6.1.jar ...
2022.02.18 15:45:24 ERROR downloading https://repo1.maven.org/maven2/org/scala-sbt/task-system_2.12/1.6.1/task-system_2.12-1.6.1.jar ...
2022.02.18 15:45:24 ERROR 	[SUCCESSFUL ] com.github.ben-manes.caffeine#caffeine;2.8.5!caffeine.jar (318ms)
2022.02.18 15:45:24 ERROR downloading https://repo1.maven.org/maven2/org/scala-sbt/tasks_2.12/1.6.1/tasks_2.12-1.6.1.jar ...
2022.02.18 15:45:24 ERROR 	[SUCCESSFUL ] org.scala-sbt#util-relation_2.12;1.6.1!util-relation_2.12.jar (87ms)
2022.02.18 15:45:24 ERROR downloading https://repo1.maven.org/maven2/org/scala-sbt/testing_2.12/1.6.1/testing_2.12-1.6.1.jar ...
2022.02.18 15:45:24 ERROR 	[SUCCESSFUL ] org.scala-sbt#util-position_2.12;1.6.1!util-position_2.12.jar (118ms)
2022.02.18 15:45:24 ERROR downloading https://repo1.maven.org/maven2/org/scala-sbt/util-tracking_2.12/1.6.1/util-tracking_2.12-1.6.1.jar ...
2022.02.18 15:45:24 ERROR 	[SUCCESSFUL ] org.scala-sbt#librarymanagement-ivy_2.12;1.6.0!librarymanagement-ivy_2.12.jar (196ms)
2022.02.18 15:45:24 ERROR downloading https://repo1.maven.org/maven2/org/jline/jline-terminal/3.19.0/jline-terminal-3.19.0.jar ...
2022.02.18 15:45:24 ERROR 	[SUCCESSFUL ] com.eed3si9n#sjson-new-scalajson_2.12;0.9.1!sjson-new-scalajson_2.12.jar (104ms)
2022.02.18 15:45:24 ERROR downloading https://repo1.maven.org/maven2/org/scala-sbt/zinc-classpath_2.12/1.6.0/zinc-classpath_2.12-1.6.0.jar ...
2022.02.18 15:45:24 ERROR 	[SUCCESSFUL ] org.scala-sbt#librarymanagement-core_2.12;1.6.0!librarymanagement-core_2.12.jar (238ms)
2022.02.18 15:45:24 ERROR downloading https://repo1.maven.org/maven2/org/scala-sbt/zinc-apiinfo_2.12/1.6.0/zinc-apiinfo_2.12-1.6.0.jar ...
2022.02.18 15:45:24 ERROR 	[SUCCESSFUL ] com.eed3si9n#shaded-jawn-parser_2.12;0.9.1!shaded-jawn-parser_2.12.jar (108ms)
2022.02.18 15:45:24 ERROR downloading https://repo1.maven.org/maven2/org/scala-sbt/zinc_2.12/1.6.0/zinc_2.12-1.6.0.jar ...
2022.02.18 15:45:24 ERROR 	[SUCCESSFUL ] com.eed3si9n#shaded-scalajson_2.12;1.0.0-M4!shaded-scalajson_2.12.jar (138ms)
2022.02.18 15:45:24 ERROR 	[SUCCESSFUL ] org.scala-sbt#tasks_2.12;1.6.1!tasks_2.12.jar (128ms)
2022.02.18 15:45:24 ERROR 	[SUCCESSFUL ] org.scala-sbt#task-system_2.12;1.6.1!task-system_2.12.jar (132ms)
2022.02.18 15:45:24 ERROR downloading https://repo1.maven.org/maven2/org/scala-sbt/util-control_2.12/1.6.1/util-control_2.12-1.6.1.jar ...
2022.02.18 15:45:24 ERROR downloading https://repo1.maven.org/maven2/org/jline/jline-reader/3.19.0/jline-reader-3.19.0.jar ...
2022.02.18 15:45:24 ERROR downloading https://repo1.maven.org/maven2/org/scala-sbt/jline/jline/2.14.7-sbt-a1b0ffbb8f64bb820f4f84a0c07a0c0964507493/jline-2.14.7-sbt-a1b0ffbb8f64bb820f4f84a0c07a0c0964507493.jar ...
2022.02.18 15:45:24 ERROR 	[SUCCESSFUL ] org.scala-sbt#completion_2.12;1.6.1!completion_2.12.jar (154ms)
2022.02.18 15:45:24 ERROR downloading https://repo1.maven.org/maven2/org/jline/jline-builtins/3.19.0/jline-builtins-3.19.0.jar ...
2022.02.18 15:45:24 ERROR 	[SUCCESSFUL ] org.scala-sbt#util-tracking_2.12;1.6.1!util-tracking_2.12.jar (122ms)
2022.02.18 15:45:24 ERROR downloading https://repo1.maven.org/maven2/org/scala-sbt/util-interface/1.6.1/util-interface-1.6.1.jar ...
2022.02.18 15:45:24 ERROR 	[SUCCESSFUL ] org.scala-sbt#zinc-classpath_2.12;1.6.0!zinc-classpath_2.12.jar (121ms)
2022.02.18 15:45:24 ERROR downloading https://repo1.maven.org/maven2/org/scala-sbt/core-macros_2.12/1.6.1/core-macros_2.12-1.6.1.jar ...
2022.02.18 15:45:24 ERROR 	[SUCCESSFUL ] org.scala-sbt#testing_2.12;1.6.1!testing_2.12.jar (177ms)
2022.02.18 15:45:24 ERROR downloading https://repo1.maven.org/maven2/org/jline/jline-terminal-jna/3.19.0/jline-terminal-jna-3.19.0.jar ...
2022.02.18 15:45:24 ERROR 	[SUCCESSFUL ] org.jline#jline-terminal;3.19.0!jline-terminal.jar (151ms)
2022.02.18 15:45:24 ERROR 	[SUCCESSFUL ] org.scala-sbt#zinc-apiinfo_2.12;1.6.0!zinc-apiinfo_2.12.jar (125ms)
2022.02.18 15:45:24 ERROR downloading https://repo1.maven.org/maven2/org/jline/jline-terminal-jansi/3.19.0/jline-terminal-jansi-3.19.0.jar ...
2022.02.18 15:45:24 ERROR downloading https://repo1.maven.org/maven2/com/lmax/disruptor/3.4.2/disruptor-3.4.2.jar ...
2022.02.18 15:45:24 ERROR 	[SUCCESSFUL ] org.scala-sbt#zinc_2.12;1.6.0!zinc_2.12.jar (117ms)
2022.02.18 15:45:24 ERROR downloading https://repo1.maven.org/maven2/org/scala-lang/scala-compiler/2.12.15/scala-compiler-2.12.15.jar ...
2022.02.18 15:45:24 ERROR 	[SUCCESSFUL ] org.scala-sbt#util-control_2.12;1.6.1!util-control_2.12.jar (92ms)
2022.02.18 15:45:24 ERROR downloading https://repo1.maven.org/maven2/org/fusesource/jansi/jansi/2.1.0/jansi-2.1.0.jar ...
2022.02.18 15:45:24 ERROR 	[SUCCESSFUL ] org.scala-sbt#util-interface;1.6.1!util-interface.jar (106ms)
2022.02.18 15:45:24 ERROR downloading https://repo1.maven.org/maven2/com/swoval/file-tree-views/2.1.7/file-tree-views-2.1.7.jar ...
2022.02.18 15:45:24 ERROR 	[SUCCESSFUL ] org.jline#jline-reader;3.19.0!jline-reader.jar (152ms)
2022.02.18 15:45:24 ERROR downloading https://repo1.maven.org/maven2/net/java/dev/jna/jna/5.8.0/jna-5.8.0.jar ...
2022.02.18 15:45:24 ERROR 	[SUCCESSFUL ] com.eed3si9n#sjson-new-core_2.12;0.9.1!sjson-new-core_2.12.jar (306ms)
2022.02.18 15:45:24 ERROR downloading https://repo1.maven.org/maven2/net/java/dev/jna/jna-platform/5.8.0/jna-platform-5.8.0.jar ...
2022.02.18 15:45:24 ERROR 	[SUCCESSFUL ] org.scala-sbt.jline#jline;2.14.7-sbt-a1b0ffbb8f64bb820f4f84a0c07a0c0964507493!jline.jar (166ms)
2022.02.18 15:45:24 ERROR downloading https://repo1.maven.org/maven2/org/jline/jline-style/3.19.0/jline-style-3.19.0.jar ...
2022.02.18 15:45:24 ERROR 	[SUCCESSFUL ] org.jline#jline-builtins;3.19.0!jline-builtins.jar (146ms)
2022.02.18 15:45:24 ERROR downloading https://repo1.maven.org/maven2/org/scala-sbt/util-cache_2.12/1.6.1/util-cache_2.12-1.6.1.jar ...
2022.02.18 15:45:24 ERROR 	[SUCCESSFUL ] org.jline#jline-terminal-jna;3.19.0!jline-terminal-jna.jar (103ms)
2022.02.18 15:45:24 ERROR 	[SUCCESSFUL ] org.scala-sbt#core-macros_2.12;1.6.1!core-macros_2.12.jar (118ms)
2022.02.18 15:45:24 ERROR downloading https://repo1.maven.org/maven2/com/eed3si9n/sjson-new-murmurhash_2.12/0.9.1/sjson-new-murmurhash_2.12-0.9.1.jar ...
2022.02.18 15:45:24 ERROR downloading https://repo1.maven.org/maven2/org/scala-sbt/test-agent/1.6.1/test-agent-1.6.1.jar ...
2022.02.18 15:45:24 ERROR 	[SUCCESSFUL ] org.jline#jline-terminal-jansi;3.19.0!jline-terminal-jansi.jar (129ms)
2022.02.18 15:45:24 ERROR downloading https://repo1.maven.org/maven2/org/scala-sbt/test-interface/1.0/test-interface-1.0.jar ...
2022.02.18 15:45:24 ERROR 	[SUCCESSFUL ] org.scala-sbt#main_2.12;1.6.1!main_2.12.jar (662ms)
2022.02.18 15:45:24 ERROR downloading https://repo1.maven.org/maven2/org/scala-sbt/compiler-bridge_2.12/1.6.0/compiler-bridge_2.12-1.6.0.jar ...
2022.02.18 15:45:24 ERROR 	[SUCCESSFUL ] com.lmax#disruptor;3.4.2!disruptor.jar (170ms)
2022.02.18 15:45:24 ERROR downloading https://repo1.maven.org/maven2/org/scala-sbt/zinc-classfile_2.12/1.6.0/zinc-classfile_2.12-1.6.0.jar ...
2022.02.18 15:45:24 ERROR 	[SUCCESSFUL ] org.fusesource.jansi#jansi;2.1.0!jansi.jar (184ms)
2022.02.18 15:45:24 ERROR downloading https://repo1.maven.org/maven2/com/jcraft/jsch/0.1.54/jsch-0.1.54.jar ...
2022.02.18 15:45:24 ERROR 	[SUCCESSFUL ] org.jline#jline-style;3.19.0!jline-style.jar (120ms)
2022.02.18 15:45:24 ERROR downloading https://repo1.maven.org/maven2/com/eed3si9n/gigahorse-okhttp_2.12/0.5.0/gigahorse-okhttp_2.12-0.5.0.jar ...
2022.02.18 15:45:24 ERROR 	[SUCCESSFUL ] org.scala-sbt#test-agent;1.6.1!test-agent.jar (131ms)
2022.02.18 15:45:24 ERROR downloading https://repo1.maven.org/maven2/com/squareup/okhttp3/okhttp-urlconnection/3.7.0/okhttp-urlconnection-3.7.0.jar ...
2022.02.18 15:45:24 ERROR 	[SUCCESSFUL ] com.eed3si9n#sjson-new-murmurhash_2.12;0.9.1!sjson-new-murmurhash_2.12.jar (131ms)
2022.02.18 15:45:24 ERROR downloading https://repo1.maven.org/maven2/com/eed3si9n/gigahorse-core_2.12/0.5.0/gigahorse-core_2.12-0.5.0.jar ...
2022.02.18 15:45:24 ERROR 	[SUCCESSFUL ] org.apache.logging.log4j#log4j-core;2.17.1!log4j-core.jar (617ms)
2022.02.18 15:45:24 ERROR downloading https://repo1.maven.org/maven2/com/squareup/okhttp3/okhttp/3.14.2/okhttp-3.14.2.jar ...
2022.02.18 15:45:24 ERROR 	[SUCCESSFUL ] org.scala-sbt#test-interface;1.0!test-interface.jar (124ms)
2022.02.18 15:45:24 ERROR downloading https://repo1.maven.org/maven2/com/typesafe/ssl-config-core_2.12/0.4.0/ssl-config-core_2.12-0.4.0.jar ...
2022.02.18 15:45:24 ERROR 	[SUCCESSFUL ] org.scala-sbt#util-cache_2.12;1.6.1!util-cache_2.12.jar (164ms)
2022.02.18 15:45:24 ERROR downloading https://repo1.maven.org/maven2/org/reactivestreams/reactive-streams/1.0.2/reactive-streams-1.0.2.jar ...
2022.02.18 15:45:24 ERROR 	[SUCCESSFUL ] org.scala-lang#scala-reflect;2.12.15!scala-reflect.jar (494ms)
2022.02.18 15:45:24 ERROR downloading https://repo1.maven.org/maven2/org/slf4j/slf4j-api/1.7.26/slf4j-api-1.7.26.jar ...
2022.02.18 15:45:24 ERROR 	[SUCCESSFUL ] com.swoval#file-tree-views;2.1.7!file-tree-views.jar (192ms)
2022.02.18 15:45:24 ERROR downloading https://repo1.maven.org/maven2/org/scala-lang/modules/scala-parser-combinators_2.12/1.1.2/scala-parser-combinators_2.12-1.1.2.jar ...
2022.02.18 15:45:24 ERROR 	[SUCCESSFUL ] org.scala-sbt#zinc-classfile_2.12;1.6.0!zinc-classfile_2.12.jar (105ms)
2022.02.18 15:45:24 ERROR downloading https://repo1.maven.org/maven2/com/typesafe/config/1.3.3/config-1.3.3.jar ...
2022.02.18 15:45:24 ERROR 	[SUCCESSFUL ] org.scala-sbt#compiler-bridge_2.12;1.6.0!compiler-bridge_2.12.jar (139ms)
2022.02.18 15:45:24 ERROR downloading https://repo1.maven.org/maven2/com/squareup/okio/okio/1.17.2/okio-1.17.2.jar ...
2022.02.18 15:45:24 ERROR 	[SUCCESSFUL ] org.scala-lang#scala-library;2.12.15!scala-library.jar (821ms)
2022.02.18 15:45:24 ERROR downloading https://repo1.maven.org/maven2/org/scala-sbt/zinc-core_2.12/1.6.0/zinc-core_2.12-1.6.0.jar ...
2022.02.18 15:45:24 ERROR 	[SUCCESSFUL ] com.eed3si9n#gigahorse-okhttp_2.12;0.5.0!gigahorse-okhttp_2.12.jar (123ms)
2022.02.18 15:45:24 ERROR 	[SUCCESSFUL ] com.squareup.okhttp3#okhttp-urlconnection;3.7.0!okhttp-urlconnection.jar (98ms)
2022.02.18 15:45:24 ERROR downloading https://repo1.maven.org/maven2/org/scala-sbt/zinc-persist_2.12/1.6.0/zinc-persist_2.12-1.6.0.jar ...
2022.02.18 15:45:24 ERROR downloading https://repo1.maven.org/maven2/org/scala-sbt/zinc-compile-core_2.12/1.6.0/zinc-compile-core_2.12-1.6.0.jar ...
2022.02.18 15:45:24 ERROR 	[SUCCESSFUL ] org.reactivestreams#reactive-streams;1.0.2!reactive-streams.jar (97ms)
2022.02.18 15:45:24 ERROR downloading https://repo1.maven.org/maven2/org/scala-sbt/zinc-persist-core-assembly/1.6.0/zinc-persist-core-assembly-1.6.0.jar ...
2022.02.18 15:45:24 ERROR 	[SUCCESSFUL ] com.jcraft#jsch;0.1.54!jsch.jar (154ms)
2022.02.18 15:45:24 ERROR downloading https://repo1.maven.org/maven2/net/openhft/zero-allocation-hashing/0.10.1/zero-allocation-hashing-0.10.1.jar ...
2022.02.18 15:45:24 ERROR 	[SUCCESSFUL ] com.eed3si9n#gigahorse-core_2.12;0.5.0!gigahorse-core_2.12.jar (123ms)
2022.02.18 15:45:24 ERROR downloading https://repo1.maven.org/maven2/org/scala-sbt/sbinary_2.12/0.5.1/sbinary_2.12-0.5.1.jar ...
2022.02.18 15:45:24 ERROR 	[SUCCESSFUL ] org.slf4j#slf4j-api;1.7.26!slf4j-api.jar (96ms)
2022.02.18 15:45:24 ERROR downloading https://repo1.maven.org/maven2/org/scala-sbt/protocol_2.12/1.6.1/protocol_2.12-1.6.1.jar ...
2022.02.18 15:45:24 ERROR 	[SUCCESSFUL ] net.java.dev.jna#jna;5.8.0!jna.jar (306ms)
2022.02.18 15:45:24 ERROR downloading https://repo1.maven.org/maven2/org/scala-sbt/template-resolver/0.1/template-resolver-0.1.jar ...
2022.02.18 15:45:24 ERROR 	[SUCCESSFUL ] org.scala-lang.modules#scala-parser-combinators_2.12;1.1.2!scala-parser-combinators_2.12.jar(bundle) (123ms)
2022.02.18 15:45:24 ERROR downloading https://repo1.maven.org/maven2/org/scala-sbt/ipcsocket/ipcsocket/1.3.1/ipcsocket-1.3.1.jar ...
2022.02.18 15:45:24 ERROR 	[SUCCESSFUL ] com.typesafe#ssl-config-core_2.12;0.4.0!ssl-config-core_2.12.jar(bundle) (136ms)
2022.02.18 15:45:24 ERROR downloading https://repo1.maven.org/maven2/org/checkerframework/checker-qual/3.4.1/checker-qual-3.4.1.jar ...
2022.02.18 15:45:24 ERROR 	[SUCCESSFUL ] com.squareup.okio#okio;1.17.2!okio.jar (133ms)
2022.02.18 15:45:24 ERROR downloading https://repo1.maven.org/maven2/com/google/errorprone/error_prone_annotations/2.4.0/error_prone_annotations-2.4.0.jar ...
2022.02.18 15:45:24 ERROR 	[SUCCESSFUL ] com.typesafe#config;1.3.3!config.jar(bundle) (153ms)
2022.02.18 15:45:24 ERROR downloading https://repo1.maven.org/maven2/org/scala-lang/modules/scala-collection-compat_2.12/2.6.0/scala-collection-compat_2.12-2.6.0.jar ...
2022.02.18 15:45:24 ERROR 	[SUCCESSFUL ] com.squareup.okhttp3#okhttp;3.14.2!okhttp.jar (199ms)
2022.02.18 15:45:24 ERROR downloading https://repo1.maven.org/maven2/org/scala-sbt/ivy/ivy/2.3.0-sbt-fbc4f586aeeb1591710b14eb4f41b94880dcd745/ivy-2.3.0-sbt-fbc4f586aeeb1591710b14eb4f41b94880dcd745.jar ...
2022.02.18 15:45:24 ERROR 	[SUCCESSFUL ] org.scala-sbt#zinc-compile-core_2.12;1.6.0!zinc-compile-core_2.12.jar (142ms)
2022.02.18 15:45:25 ERROR 	[SUCCESSFUL ] org.scala-sbt#zinc-persist_2.12;1.6.0!zinc-persist_2.12.jar (144ms)
2022.02.18 15:45:25 ERROR 	[SUCCESSFUL ] net.java.dev.jna#jna-platform;5.8.0!jna-platform.jar (395ms)
2022.02.18 15:45:25 ERROR 	[SUCCESSFUL ] net.openhft#zero-allocation-hashing;0.10.1!zero-allocation-hashing.jar(bundle) (127ms)
2022.02.18 15:45:25 ERROR 	[SUCCESSFUL ] org.scala-sbt#sbinary_2.12;0.5.1!sbinary_2.12.jar (135ms)
2022.02.18 15:45:25 ERROR 	[SUCCESSFUL ] org.scala-sbt#template-resolver;0.1!template-resolver.jar (117ms)
2022.02.18 15:45:25 ERROR 	[SUCCESSFUL ] com.google.errorprone#error_prone_annotations;2.4.0!error_prone_annotations.jar (105ms)
2022.02.18 15:45:25 ERROR 	[SUCCESSFUL ] org.scala-sbt.ipcsocket#ipcsocket;1.3.1!ipcsocket.jar (125ms)
2022.02.18 15:45:25 ERROR 	[SUCCESSFUL ] org.checkerframework#checker-qual;3.4.1!checker-qual.jar (126ms)
2022.02.18 15:45:25 ERROR 	[SUCCESSFUL ] org.scala-sbt#zinc-core_2.12;1.6.0!zinc-core_2.12.jar (221ms)
2022.02.18 15:45:25 ERROR 	[SUCCESSFUL ] org.scala-lang.modules#scala-collection-compat_2.12;2.6.0!scala-collection-compat_2.12.jar (131ms)
2022.02.18 15:45:25 ERROR 	[SUCCESSFUL ] org.scala-sbt#protocol_2.12;1.6.1!protocol_2.12.jar (205ms)
2022.02.18 15:45:25 ERROR 	[SUCCESSFUL ] org.scala-sbt.ivy#ivy;2.3.0-sbt-fbc4f586aeeb1591710b14eb4f41b94880dcd745!ivy.jar (248ms)
2022.02.18 15:45:25 ERROR 	[SUCCESSFUL ] org.scala-sbt#zinc-persist-core-assembly;1.6.0!zinc-persist-core-assembly.jar (367ms)
2022.02.18 15:45:25 ERROR 	[SUCCESSFUL ] io.get-coursier#lm-coursier-shaded_2.12;2.0.10!lm-coursier-shaded_2.12.jar (1245ms)
2022.02.18 15:45:25 ERROR 	[SUCCESSFUL ] org.scala-lang#scala-compiler;2.12.15!scala-compiler.jar (1055ms)
2022.02.18 15:45:25 ERROR :: retrieving :: org.scala-sbt#boot-app
2022.02.18 15:45:25 ERROR 	confs: [default]
2022.02.18 15:45:25 ERROR 	83 artifacts copied, 0 already retrieved
2022.02.18 15:45:25 ERROR [info] [launcher] getting Scala 2.12.15 (for sbt)...
2022.02.18 15:45:25 ERROR downloading https://repo1.maven.org/maven2/jline/jline/2.14.6/jline-2.14.6.jar ...
2022.02.18 15:45:25 ERROR downloading https://repo1.maven.org/maven2/org/scala-lang/modules/scala-xml_2.12/1.0.6/scala-xml_2.12-1.0.6.jar ...
2022.02.18 15:45:25 ERROR 	[SUCCESSFUL ] jline#jline;2.14.6!jline.jar (71ms)
2022.02.18 15:45:25 ERROR 	[SUCCESSFUL ] org.scala-lang.modules#scala-xml_2.12;1.0.6!scala-xml_2.12.jar(bundle) (74ms)
2022.02.18 15:45:25 ERROR :: retrieving :: org.scala-sbt#boot-scala
2022.02.18 15:45:25 ERROR 	confs: [default]
2022.02.18 15:45:25 ERROR 	5 artifacts copied, 0 already retrieved
2022.02.18 15:45:26 INFO  [info] Updated file C:\Users\hadij\Downloads\spark-lab-json\project\build.properties: set sbt.version to 1.6.1
2022.02.18 15:45:26 INFO  [info] welcome to sbt 1.6.1 (Oracle Corporation Java 1.8.0_311)
2022.02.18 15:45:28 INFO  [info] loading settings for project spark-lab-json-build-build from metals.sbt ...
2022.02.18 15:45:28 INFO  [info] loading project definition from C:\Users\hadij\Downloads\spark-lab-json\project\project
2022.02.18 15:45:31 INFO  [info] loading settings for project spark-lab-json-build from metals.sbt ...
2022.02.18 15:45:31 INFO  [info] loading project definition from C:\Users\hadij\Downloads\spark-lab-json\project
2022.02.18 15:45:36 INFO  [success] Generated .bloop\spark-lab-json-build.json
2022.02.18 15:45:36 INFO  [success] Total time: 4 s, completed 18 févr. 2022 15:45:36
2022.02.18 15:45:37 INFO  [info] loading settings for project spark-lab-json from build.sbt ...
2022.02.18 15:45:37 INFO  [info] set current project to Spark Project (in build file:/C:/Users/hadij/Downloads/spark-lab-json/)
2022.02.18 15:45:50 INFO  [success] Generated .bloop\spark-lab-json-test.json
2022.02.18 15:45:50 INFO  [success] Generated .bloop\spark-lab-json.json
2022.02.18 15:45:50 INFO  [success] Total time: 13 s, completed 18 févr. 2022 15:45:50
2022.02.18 15:45:50 INFO  time: ran 'sbt bloopInstall' in 57s
2022.02.18 15:45:50 INFO  Attempting to connect to the build server...
2022.02.18 15:45:59 INFO  tracing is disabled for protocol BSP, to enable tracing of incoming and outgoing JSON messages create an empty file at C:\Users\hadij\Downloads\spark-lab-json\.metals\bsp.trace.json or C:\Users\hadij\AppData\Local\scalameta\metals\cache\bsp.trace.json
2022.02.18 15:45:59 WARN  no build target for: C:\Users\hadij\Downloads\spark-lab-json\build.sbt
2022.02.18 15:45:59 INFO  skipping build import with status 'Installed'
2022.02.18 15:46:02 INFO  Attempting to connect to the build server...
2022.02.18 15:46:02 INFO  tracing is disabled for protocol BSP, to enable tracing of incoming and outgoing JSON messages create an empty file at C:\Users\hadij\Downloads\spark-lab-json\project\.metals\bsp.trace.json or C:\Users\hadij\AppData\Local\scalameta\metals\cache\bsp.trace.json
2022.02.18 15:46:04 INFO  time: Connected to build server in 13s
2022.02.18 15:46:04 INFO  Connected to Build server: Bloop v1.4.12
2022.02.18 15:46:04 INFO  time: Imported build in 0.12s
2022.02.18 15:46:07 WARN  Could not find java sources in None. Java symbols will not be available.
2022.02.18 15:46:11 INFO  time: indexed workspace in 7.12s
2022.02.18 15:50:36 INFO  compiling spark-lab-json (8 scala sources)
2022.02.18 15:50:42 INFO  compiling spark-lab-json-test (5 scala sources)
2022.02.18 15:50:42 INFO  time: compiled spark-lab-json in 6.51s
2022.02.18 15:50:43 INFO  time: compiled spark-lab-json-test in 1s
2022.02.18 16:14:30 INFO  running 'C:\Program Files (x86)\Java\jre1.8.0_311\bin\java -Djline.terminal=jline.UnsupportedTerminal -Dsbt.log.noformat=true -Dfile.encoding=UTF-8 -jar C:\Users\hadij\AppData\Local\Temp\metals6224851237802631615\sbt-launch.jar -Dbloop.export-jar-classifiers=sources bloopInstall'
2022.02.18 16:14:30 INFO  time: ran 'sbt bloopInstall' in 0.85s
2022.02.18 16:14:30 ERROR sbt command failed: C:\Program Files (x86)\Java\jre1.8.0_311\bin\java -Djline.terminal=jline.UnsupportedTerminal -Dsbt.log.noformat=true -Dfile.encoding=UTF-8 -jar C:\Users\hadij\AppData\Local\Temp\metals6224851237802631615\sbt-launch.jar -Dbloop.export-jar-classifiers=sources bloopInstall
2022.02.18 16:14:30 INFO  Disconnecting from Bloop session...
2022.02.18 16:14:30 INFO  Shut down connection with build server.
2022.02.18 16:14:30 INFO  Shut down connection with build server.
2022.02.18 16:14:30 INFO  Attempting to connect to the build server...
2022.02.18 16:14:31 INFO  tracing is disabled for protocol BSP, to enable tracing of incoming and outgoing JSON messages create an empty file at C:\Users\hadij\Downloads\spark-lab-json\.metals\bsp.trace.json or C:\Users\hadij\AppData\Local\scalameta\metals\cache\bsp.trace.json
2022.02.18 16:14:31 INFO  Attempting to connect to the build server...
2022.02.18 16:14:31 INFO  tracing is disabled for protocol BSP, to enable tracing of incoming and outgoing JSON messages create an empty file at C:\Users\hadij\Downloads\spark-lab-json\project\.metals\bsp.trace.json or C:\Users\hadij\AppData\Local\scalameta\metals\cache\bsp.trace.json
2022.02.18 16:14:31 INFO  time: Connected to build server in 92ms
2022.02.18 16:14:31 INFO  Connected to Build server: Bloop v1.4.12
2022.02.18 16:14:33 WARN  Could not find java sources in None. Java symbols will not be available.
2022.02.18 16:14:33 INFO  time: indexed workspace in 2.9s
2022.02.18 16:18:07 INFO  skipping build import with status 'Failed'
2022.02.18 16:23:18 INFO  running 'C:\Program Files (x86)\Java\jre1.8.0_311\bin\java -Djline.terminal=jline.UnsupportedTerminal -Dsbt.log.noformat=true -Dfile.encoding=UTF-8 -jar C:\Users\hadij\AppData\Local\Temp\metals8774164195397537173\sbt-launch.jar -Dbloop.export-jar-classifiers=sources bloopInstall'
2022.02.18 16:23:19 INFO  [info] welcome to sbt 1.6.1 (Oracle Corporation Java 1.8.0_311)
2022.02.18 16:23:19 INFO  [info] loading settings for project spark-lab-json-build-build from metals.sbt ...
2022.02.18 16:23:20 INFO  [info] loading project definition from C:\Users\hadij\Downloads\spark-lab-json\project\project
2022.02.18 16:23:20 INFO  [info] loading settings for project spark-lab-json-build from metals.sbt ...
2022.02.18 16:23:20 INFO  [info] loading project definition from C:\Users\hadij\Downloads\spark-lab-json\project
2022.02.18 16:23:24 INFO  [success] Generated .bloop\spark-lab-json-build.json
2022.02.18 16:23:24 INFO  [success] Total time: 4 s, completed 18 févr. 2022 16:23:25
2022.02.18 16:23:24 INFO  [info] loading settings for project spark-lab-json from build.sbt ...
2022.02.18 16:23:24 INFO  [info] set current project to Spark Project (in build file:/C:/Users/hadij/Downloads/spark-lab-json/)
2022.02.18 16:23:28 INFO  [success] Generated .bloop\spark-lab-json.json
2022.02.18 16:23:28 INFO  [success] Generated .bloop\spark-lab-json-test.json
2022.02.18 16:23:28 INFO  [success] Total time: 3 s, completed 18 févr. 2022 16:23:28
2022.02.18 16:23:28 INFO  time: ran 'sbt bloopInstall' in 9.52s
2022.02.18 16:23:28 INFO  Disconnecting from Bloop session...
2022.02.18 16:23:28 INFO  Shut down connection with build server.
2022.02.18 16:23:28 INFO  Shut down connection with build server.
2022.02.18 16:23:28 INFO  Attempting to connect to the build server...
2022.02.18 16:23:28 INFO  tracing is disabled for protocol BSP, to enable tracing of incoming and outgoing JSON messages create an empty file at C:\Users\hadij\Downloads\spark-lab-json\.metals\bsp.trace.json or C:\Users\hadij\AppData\Local\scalameta\metals\cache\bsp.trace.json
2022.02.18 16:23:28 INFO  Attempting to connect to the build server...
2022.02.18 16:23:28 INFO  tracing is disabled for protocol BSP, to enable tracing of incoming and outgoing JSON messages create an empty file at C:\Users\hadij\Downloads\spark-lab-json\project\.metals\bsp.trace.json or C:\Users\hadij\AppData\Local\scalameta\metals\cache\bsp.trace.json
2022.02.18 16:23:28 INFO  time: Connected to build server in 64ms
2022.02.18 16:23:28 INFO  Connected to Build server: Bloop v1.4.12
2022.02.18 16:23:30 WARN  Could not find java sources in None. Java symbols will not be available.
2022.02.18 16:23:30 INFO  time: indexed workspace in 3.09s
2022.02.18 16:24:13 INFO  running 'C:\Program Files (x86)\Java\jre1.8.0_311\bin\java -Djline.terminal=jline.UnsupportedTerminal -Dsbt.log.noformat=true -Dfile.encoding=UTF-8 -jar C:\Users\hadij\AppData\Local\Temp\metals4914800819195378749\sbt-launch.jar -Dbloop.export-jar-classifiers=sources bloopInstall'
2022.02.18 16:24:14 INFO  [info] welcome to sbt 1.6.1 (Oracle Corporation Java 1.8.0_311)
2022.02.18 16:24:14 INFO  [info] loading settings for project spark-lab-json-build-build from metals.sbt ...
2022.02.18 16:24:15 INFO  [info] loading project definition from C:\Users\hadij\Downloads\spark-lab-json\project\project
2022.02.18 16:24:15 INFO  [info] loading settings for project spark-lab-json-build from metals.sbt ...
2022.02.18 16:24:15 INFO  [info] loading project definition from C:\Users\hadij\Downloads\spark-lab-json\project
2022.02.18 16:24:18 INFO  [success] Generated .bloop\spark-lab-json-build.json
2022.02.18 16:24:18 INFO  [success] Total time: 3 s, completed 18 févr. 2022 16:24:19
2022.02.18 16:24:18 INFO  [info] loading settings for project spark-lab-json from build.sbt ...
2022.02.18 16:24:18 INFO  [info] set current project to Spark Project (in build file:/C:/Users/hadij/Downloads/spark-lab-json/)
2022.02.18 16:24:22 INFO  [success] Generated .bloop\spark-lab-json-test.json
2022.02.18 16:24:22 INFO  [success] Generated .bloop\spark-lab-json.json
2022.02.18 16:24:22 INFO  [success] Total time: 3 s, completed 18 févr. 2022 16:24:22
2022.02.18 16:24:22 INFO  time: ran 'sbt bloopInstall' in 8.68s
2022.02.18 16:24:22 INFO  Disconnecting from Bloop session...
2022.02.18 16:24:22 INFO  Shut down connection with build server.
2022.02.18 16:24:22 INFO  Shut down connection with build server.
2022.02.18 16:24:22 INFO  Attempting to connect to the build server...
2022.02.18 16:24:22 INFO  tracing is disabled for protocol BSP, to enable tracing of incoming and outgoing JSON messages create an empty file at C:\Users\hadij\Downloads\spark-lab-json\.metals\bsp.trace.json or C:\Users\hadij\AppData\Local\scalameta\metals\cache\bsp.trace.json
2022.02.18 16:24:22 INFO  Attempting to connect to the build server...
2022.02.18 16:24:22 INFO  tracing is disabled for protocol BSP, to enable tracing of incoming and outgoing JSON messages create an empty file at C:\Users\hadij\Downloads\spark-lab-json\project\.metals\bsp.trace.json or C:\Users\hadij\AppData\Local\scalameta\metals\cache\bsp.trace.json
2022.02.18 16:24:22 INFO  time: Connected to build server in 66ms
2022.02.18 16:24:22 INFO  Connected to Build server: Bloop v1.4.12
2022.02.18 16:24:24 WARN  Could not find java sources in None. Java symbols will not be available.
2022.02.18 16:24:24 INFO  time: indexed workspace in 2.99s
2022.02.18 16:24:35 INFO  skipping build import with status 'Installed'
2022.02.18 16:24:42 INFO  running 'C:\Program Files (x86)\Java\jre1.8.0_311\bin\java -Djline.terminal=jline.UnsupportedTerminal -Dsbt.log.noformat=true -Dfile.encoding=UTF-8 -jar C:\Users\hadij\AppData\Local\Temp\metals1446610993993920133\sbt-launch.jar -Dbloop.export-jar-classifiers=sources bloopInstall'
2022.02.18 16:24:43 INFO  [info] welcome to sbt 1.6.1 (Oracle Corporation Java 1.8.0_311)
2022.02.18 16:24:43 INFO  [info] loading settings for project spark-lab-json-build-build from metals.sbt ...
2022.02.18 16:24:44 INFO  [info] loading project definition from C:\Users\hadij\Downloads\spark-lab-json\project\project
2022.02.18 16:24:44 INFO  [info] loading settings for project spark-lab-json-build from metals.sbt ...
2022.02.18 16:24:44 INFO  [info] loading project definition from C:\Users\hadij\Downloads\spark-lab-json\project
2022.02.18 16:24:47 INFO  [success] Generated .bloop\spark-lab-json-build.json
2022.02.18 16:24:47 INFO  [success] Total time: 3 s, completed 18 févr. 2022 16:24:47
2022.02.18 16:24:48 INFO  [info] loading settings for project spark-lab-json from build.sbt ...
2022.02.18 16:24:48 INFO  [info] set current project to Spark Project (in build file:/C:/Users/hadij/Downloads/spark-lab-json/)
2022.02.18 16:24:51 INFO  [success] Generated .bloop\spark-lab-json.json
2022.02.18 16:24:51 INFO  [success] Generated .bloop\spark-lab-json-test.json
2022.02.18 16:24:51 INFO  [success] Total time: 3 s, completed 18 févr. 2022 16:24:51
2022.02.18 16:24:51 INFO  time: ran 'sbt bloopInstall' in 9.82s
2022.02.18 16:24:51 INFO  Disconnecting from Bloop session...
2022.02.18 16:24:51 INFO  Shut down connection with build server.
2022.02.18 16:24:51 INFO  Shut down connection with build server.
2022.02.18 16:24:51 INFO  Attempting to connect to the build server...
2022.02.18 16:24:51 INFO  tracing is disabled for protocol BSP, to enable tracing of incoming and outgoing JSON messages create an empty file at C:\Users\hadij\Downloads\spark-lab-json\.metals\bsp.trace.json or C:\Users\hadij\AppData\Local\scalameta\metals\cache\bsp.trace.json
2022.02.18 16:24:51 INFO  Attempting to connect to the build server...
2022.02.18 16:24:51 INFO  tracing is disabled for protocol BSP, to enable tracing of incoming and outgoing JSON messages create an empty file at C:\Users\hadij\Downloads\spark-lab-json\project\.metals\bsp.trace.json or C:\Users\hadij\AppData\Local\scalameta\metals\cache\bsp.trace.json
2022.02.18 16:24:51 INFO  time: Connected to build server in 70ms
2022.02.18 16:24:51 INFO  Connected to Build server: Bloop v1.4.12
2022.02.18 16:24:54 WARN  Could not find java sources in None. Java symbols will not be available.
2022.02.18 16:24:54 INFO  time: indexed workspace in 2.85s
2022.02.18 16:24:57 INFO  skipping build import with status 'Installed'
2022.02.18 16:25:07 INFO  skipping build import with status 'Installed'
2022.02.18 16:25:10 INFO  skipping build import with status 'Installed'
2022.02.18 16:25:55 INFO  running 'C:\Program Files (x86)\Java\jre1.8.0_311\bin\java -Djline.terminal=jline.UnsupportedTerminal -Dsbt.log.noformat=true -Dfile.encoding=UTF-8 -jar C:\Users\hadij\AppData\Local\Temp\metals6987367400093336273\sbt-launch.jar -Dbloop.export-jar-classifiers=sources bloopInstall'
2022.02.18 16:25:56 INFO  [info] welcome to sbt 1.6.1 (Oracle Corporation Java 1.8.0_311)
2022.02.18 16:25:56 INFO  [info] loading settings for project spark-lab-json-build-build from metals.sbt ...
2022.02.18 16:25:56 INFO  [info] loading project definition from C:\Users\hadij\Downloads\spark-lab-json\project\project
2022.02.18 16:25:57 INFO  [info] loading settings for project spark-lab-json-build from metals.sbt ...
2022.02.18 16:25:57 INFO  [info] loading project definition from C:\Users\hadij\Downloads\spark-lab-json\project
2022.02.18 16:26:00 INFO  [success] Generated .bloop\spark-lab-json-build.json
2022.02.18 16:26:00 INFO  [success] Total time: 3 s, completed 18 févr. 2022 16:26:00
2022.02.18 16:26:00 INFO  [info] loading settings for project spark-lab-json from build.sbt ...
2022.02.18 16:26:00 INFO  [info] set current project to Spark Project (in build file:/C:/Users/hadij/Downloads/spark-lab-json/)
2022.02.18 16:26:03 INFO  [success] Generated .bloop\spark-lab-json-test.json
2022.02.18 16:26:03 INFO  [success] Generated .bloop\spark-lab-json.json
2022.02.18 16:26:03 INFO  [success] Total time: 3 s, completed 18 févr. 2022 16:26:03
2022.02.18 16:26:03 INFO  time: ran 'sbt bloopInstall' in 8.49s
2022.02.18 16:26:03 INFO  Disconnecting from Bloop session...
2022.02.18 16:26:03 INFO  Shut down connection with build server.
2022.02.18 16:26:03 INFO  Shut down connection with build server.
2022.02.18 16:26:03 INFO  Attempting to connect to the build server...
2022.02.18 16:26:03 INFO  tracing is disabled for protocol BSP, to enable tracing of incoming and outgoing JSON messages create an empty file at C:\Users\hadij\Downloads\spark-lab-json\.metals\bsp.trace.json or C:\Users\hadij\AppData\Local\scalameta\metals\cache\bsp.trace.json
2022.02.18 16:26:03 INFO  Attempting to connect to the build server...
2022.02.18 16:26:03 INFO  tracing is disabled for protocol BSP, to enable tracing of incoming and outgoing JSON messages create an empty file at C:\Users\hadij\Downloads\spark-lab-json\project\.metals\bsp.trace.json or C:\Users\hadij\AppData\Local\scalameta\metals\cache\bsp.trace.json
2022.02.18 16:26:03 INFO  time: Connected to build server in 59ms
2022.02.18 16:26:03 INFO  Connected to Build server: Bloop v1.4.12
2022.02.18 16:26:06 WARN  Could not find java sources in None. Java symbols will not be available.
2022.02.18 16:26:06 INFO  time: indexed workspace in 2.71s
2022.02.18 16:26:21 INFO  Disconnecting from Bloop session...
2022.02.18 16:26:21 INFO  Shut down connection with build server.
2022.02.18 16:26:21 INFO  Shut down connection with build server.
2022.02.18 16:26:21 INFO  Attempting to connect to the build server...
2022.02.18 16:26:23 INFO  Attempting to connect to the build server...
2022.02.18 16:26:26 INFO  tracing is disabled for protocol BSP, to enable tracing of incoming and outgoing JSON messages create an empty file at C:\Users\hadij\Downloads\spark-lab-json\.metals\bsp.trace.json or C:\Users\hadij\AppData\Local\scalameta\metals\cache\bsp.trace.json
2022.02.18 16:26:26 INFO  tracing is disabled for protocol BSP, to enable tracing of incoming and outgoing JSON messages create an empty file at C:\Users\hadij\Downloads\spark-lab-json\.metals\bsp.trace.json or C:\Users\hadij\AppData\Local\scalameta\metals\cache\bsp.trace.json
2022.02.18 16:26:26 INFO  Attempting to connect to the build server...
2022.02.18 16:26:26 INFO  Attempting to connect to the build server...
2022.02.18 16:26:26 INFO  tracing is disabled for protocol BSP, to enable tracing of incoming and outgoing JSON messages create an empty file at C:\Users\hadij\Downloads\spark-lab-json\project\.metals\bsp.trace.json or C:\Users\hadij\AppData\Local\scalameta\metals\cache\bsp.trace.json
2022.02.18 16:26:26 INFO  tracing is disabled for protocol BSP, to enable tracing of incoming and outgoing JSON messages create an empty file at C:\Users\hadij\Downloads\spark-lab-json\project\.metals\bsp.trace.json or C:\Users\hadij\AppData\Local\scalameta\metals\cache\bsp.trace.json
2022.02.18 16:26:26 INFO  time: Connected to build server in 5.07s
2022.02.18 16:26:26 INFO  time: Connected to build server in 3.08s
2022.02.18 16:26:26 INFO  Connected to Build server: Bloop v1.4.12
2022.02.18 16:26:26 INFO  Connected to Build server: Bloop v1.4.12
2022.02.18 16:26:26 INFO  time: Imported build in 0.11s
2022.02.18 16:26:26 INFO  time: Imported build in 0.11s
2022.02.18 16:26:27 INFO  Disconnecting from Bloop session...
2022.02.18 16:26:26 INFO  Shut down connection with build server.
2022.02.18 16:26:27 INFO  Shut down connection with build server.
2022.02.18 16:26:26 INFO  Attempting to connect to the build server...
2022.02.18 16:26:29 WARN  Could not find java sources in None. Java symbols will not be available.
2022.02.18 16:26:29 WARN  Could not find java sources in None. Java symbols will not be available.
2022.02.18 16:26:29 INFO  time: indexed workspace in 3.32s
2022.02.18 16:26:29 WARN  no build target for: C:\Users\hadij\Downloads\spark-lab-json\build.sbt
2022.02.18 16:26:29 INFO  time: indexed workspace in 3.33s
2022.02.18 16:26:29 WARN  no build target for: C:\Users\hadij\Downloads\spark-lab-json\build.sbt
2022.02.18 16:26:31 INFO  tracing is disabled for protocol BSP, to enable tracing of incoming and outgoing JSON messages create an empty file at C:\Users\hadij\Downloads\spark-lab-json\.metals\bsp.trace.json or C:\Users\hadij\AppData\Local\scalameta\metals\cache\bsp.trace.json
2022.02.18 16:26:31 INFO  Attempting to connect to the build server...
2022.02.18 16:26:31 INFO  tracing is disabled for protocol BSP, to enable tracing of incoming and outgoing JSON messages create an empty file at C:\Users\hadij\Downloads\spark-lab-json\project\.metals\bsp.trace.json or C:\Users\hadij\AppData\Local\scalameta\metals\cache\bsp.trace.json
2022.02.18 16:26:31 INFO  time: Connected to build server in 5.05s
2022.02.18 16:26:31 INFO  Connected to Build server: Bloop v1.4.12
2022.02.18 16:26:32 INFO  Disconnecting from Bloop session...
2022.02.18 16:26:32 INFO  Shut down connection with build server.
2022.02.18 16:26:32 INFO  Shut down connection with build server.
2022.02.18 16:26:32 INFO  Attempting to connect to the build server...
2022.02.18 16:26:31 INFO  Scala targets not supported by server
2022.02.18 16:26:32 INFO  Scala targets not supported by server
2022.02.18 16:26:34 WARN  no build target for: C:\Users\hadij\Downloads\spark-lab-json\build.sbt
2022.02.18 16:26:35 WARN  no build target for: C:\Users\hadij\Downloads\spark-lab-json\build.sbt
2022.02.18 16:26:36 INFO  tracing is disabled for protocol BSP, to enable tracing of incoming and outgoing JSON messages create an empty file at C:\Users\hadij\Downloads\spark-lab-json\.metals\bsp.trace.json or C:\Users\hadij\AppData\Local\scalameta\metals\cache\bsp.trace.json
2022.02.18 16:26:36 INFO  Attempting to connect to the build server...
2022.02.18 16:26:36 INFO  tracing is disabled for protocol BSP, to enable tracing of incoming and outgoing JSON messages create an empty file at C:\Users\hadij\Downloads\spark-lab-json\project\.metals\bsp.trace.json or C:\Users\hadij\AppData\Local\scalameta\metals\cache\bsp.trace.json
2022.02.18 16:26:36 INFO  time: Connected to build server in 4.91s
2022.02.18 16:26:36 INFO  Connected to Build server: Bloop v1.4.12
2022.02.18 16:26:39 WARN  Could not find java sources in None. Java symbols will not be available.
2022.02.18 16:26:39 INFO  time: indexed workspace in 2.72s
2022.02.18 16:26:40 INFO  compiling spark-lab-json (8 scala sources)
2022.02.18 16:26:40 INFO  Deduplicating compilation of spark-lab-json from bsp client 'Metals 0.11.1' (since 3.556s)
2022.02.18 16:26:40 INFO  compiling spark-lab-json (8 scala sources)
2022.02.18 16:26:43 INFO  compiling spark-lab-json-test (5 scala sources)
2022.02.18 16:26:43 INFO  time: compiled spark-lab-json in 3.22s
2022.02.18 16:26:45 INFO  time: compiled spark-lab-json-test in 1.41s
2022.02.18 16:31:55 INFO  Disconnecting from Bloop session...
2022.02.18 16:31:55 INFO  Shut down connection with build server.
2022.02.18 16:31:55 INFO  Shut down connection with build server.
2022.02.18 16:31:55 INFO  Attempting to connect to the build server...
2022.02.18 16:31:55 INFO  tracing is disabled for protocol BSP, to enable tracing of incoming and outgoing JSON messages create an empty file at C:\Users\hadij\Downloads\spark-lab-json\.metals\bsp.trace.json or C:\Users\hadij\AppData\Local\scalameta\metals\cache\bsp.trace.json
2022.02.18 16:31:55 INFO  Attempting to connect to the build server...
2022.02.18 16:31:55 INFO  tracing is disabled for protocol BSP, to enable tracing of incoming and outgoing JSON messages create an empty file at C:\Users\hadij\Downloads\spark-lab-json\project\.metals\bsp.trace.json or C:\Users\hadij\AppData\Local\scalameta\metals\cache\bsp.trace.json
2022.02.18 16:31:55 INFO  time: Connected to build server in 57ms
2022.02.18 16:31:55 INFO  Connected to Build server: Bloop v1.4.12
2022.02.18 16:31:58 WARN  Could not find java sources in None. Java symbols will not be available.
2022.02.18 16:31:58 INFO  time: indexed workspace in 2.94s
2022.02.18 16:32:19 INFO  Deduplicating compilation of spark-lab-json from bsp client 'Metals 0.11.1' (since 23.814s)
2022.02.18 16:33:21 INFO  running 'C:\Program Files (x86)\Java\jre1.8.0_311\bin\java -Djline.terminal=jline.UnsupportedTerminal -Dsbt.log.noformat=true -Dfile.encoding=UTF-8 -jar C:\Users\hadij\AppData\Local\Temp\metals3042849864250434551\sbt-launch.jar -Dbloop.export-jar-classifiers=sources bloopInstall'
2022.02.18 16:33:21 INFO  [info] welcome to sbt 1.6.1 (Oracle Corporation Java 1.8.0_311)
2022.02.18 16:33:21 INFO  running 'C:\Program Files (x86)\Java\jre1.8.0_311\bin\java -Djline.terminal=jline.UnsupportedTerminal -Dsbt.log.noformat=true -Dfile.encoding=UTF-8 -jar C:\Users\hadij\AppData\Local\Temp\metals1049935332804187405\sbt-launch.jar -Dbloop.export-jar-classifiers=sources bloopInstall'
2022.02.18 16:33:22 INFO  running 'C:\Program Files (x86)\Java\jre1.8.0_311\bin\java -Djline.terminal=jline.UnsupportedTerminal -Dsbt.log.noformat=true -Dfile.encoding=UTF-8 -jar C:\Users\hadij\AppData\Local\Temp\metals3264185660592283567\sbt-launch.jar -Dbloop.export-jar-classifiers=sources bloopInstall'
2022.02.18 16:33:22 INFO  running 'C:\Program Files (x86)\Java\jre1.8.0_311\bin\java -Djline.terminal=jline.UnsupportedTerminal -Dsbt.log.noformat=true -Dfile.encoding=UTF-8 -jar C:\Users\hadij\AppData\Local\Temp\metals7593278248633817303\sbt-launch.jar -Dbloop.export-jar-classifiers=sources bloopInstall'
2022.02.18 16:33:21 INFO  [info] loading settings for project spark-lab-json-build-build from metals.sbt ...
2022.02.18 16:33:22 INFO  time: ran 'sbt bloopInstall' in 0.8s
2022.02.18 16:33:22 ERROR sbt command failed: C:\Program Files (x86)\Java\jre1.8.0_311\bin\java -Djline.terminal=jline.UnsupportedTerminal -Dsbt.log.noformat=true -Dfile.encoding=UTF-8 -jar C:\Users\hadij\AppData\Local\Temp\metals1049935332804187405\sbt-launch.jar -Dbloop.export-jar-classifiers=sources bloopInstall
2022.02.18 16:33:22 INFO  Disconnecting from Bloop session...
2022.02.18 16:33:22 INFO  Shut down connection with build server.
2022.02.18 16:33:22 INFO  Shut down connection with build server.
2022.02.18 16:33:22 INFO  Attempting to connect to the build server...
2022.02.18 16:33:22 INFO  tracing is disabled for protocol BSP, to enable tracing of incoming and outgoing JSON messages create an empty file at C:\Users\hadij\Downloads\spark-lab-json\.metals\bsp.trace.json or C:\Users\hadij\AppData\Local\scalameta\metals\cache\bsp.trace.json
2022.02.18 16:33:22 INFO  Attempting to connect to the build server...
2022.02.18 16:33:22 INFO  tracing is disabled for protocol BSP, to enable tracing of incoming and outgoing JSON messages create an empty file at C:\Users\hadij\Downloads\spark-lab-json\project\.metals\bsp.trace.json or C:\Users\hadij\AppData\Local\scalameta\metals\cache\bsp.trace.json
2022.02.18 16:33:22 INFO  running 'C:\Program Files (x86)\Java\jre1.8.0_311\bin\java -Djline.terminal=jline.UnsupportedTerminal -Dsbt.log.noformat=true -Dfile.encoding=UTF-8 -jar C:\Users\hadij\AppData\Local\Temp\metals579391800075241574\sbt-launch.jar -Dbloop.export-jar-classifiers=sources bloopInstall'
2022.02.18 16:33:22 INFO  time: Connected to build server in 85ms
2022.02.18 16:33:22 INFO  Connected to Build server: Bloop v1.4.12
2022.02.18 16:33:22 INFO  time: Imported build in 0.15s
2022.02.18 16:33:22 INFO  time: ran 'sbt bloopInstall' in 0.93s
2022.02.18 16:33:22 ERROR sbt command failed: C:\Program Files (x86)\Java\jre1.8.0_311\bin\java -Djline.terminal=jline.UnsupportedTerminal -Dsbt.log.noformat=true -Dfile.encoding=UTF-8 -jar C:\Users\hadij\AppData\Local\Temp\metals3264185660592283567\sbt-launch.jar -Dbloop.export-jar-classifiers=sources bloopInstall
2022.02.18 16:33:22 INFO  Disconnecting from Bloop session...
2022.02.18 16:33:22 INFO  Shut down connection with build server.
2022.02.18 16:33:22 INFO  Shut down connection with build server.
2022.02.18 16:33:22 INFO  Attempting to connect to the build server...
2022.02.18 16:33:22 INFO  tracing is disabled for protocol BSP, to enable tracing of incoming and outgoing JSON messages create an empty file at C:\Users\hadij\Downloads\spark-lab-json\.metals\bsp.trace.json or C:\Users\hadij\AppData\Local\scalameta\metals\cache\bsp.trace.json
2022.02.18 16:33:22 INFO  Attempting to connect to the build server...
2022.02.18 16:33:23 INFO  [info] loading project definition from C:\Users\hadij\Downloads\spark-lab-json\project\project
2022.02.18 16:33:22 INFO  tracing is disabled for protocol BSP, to enable tracing of incoming and outgoing JSON messages create an empty file at C:\Users\hadij\Downloads\spark-lab-json\project\.metals\bsp.trace.json or C:\Users\hadij\AppData\Local\scalameta\metals\cache\bsp.trace.json
2022.02.18 16:33:22 INFO  time: Connected to build server in 57ms
2022.02.18 16:33:22 INFO  Connected to Build server: Bloop v1.4.12
2022.02.18 16:33:23 INFO  running 'C:\Program Files (x86)\Java\jre1.8.0_311\bin\java -Djline.terminal=jline.UnsupportedTerminal -Dsbt.log.noformat=true -Dfile.encoding=UTF-8 -jar C:\Users\hadij\AppData\Local\Temp\metals4953608782086402705\sbt-launch.jar -Dbloop.export-jar-classifiers=sources bloopInstall'
2022.02.18 16:33:23 INFO  time: ran 'sbt bloopInstall' in 1.05s
2022.02.18 16:33:22 ERROR sbt command failed: C:\Program Files (x86)\Java\jre1.8.0_311\bin\java -Djline.terminal=jline.UnsupportedTerminal -Dsbt.log.noformat=true -Dfile.encoding=UTF-8 -jar C:\Users\hadij\AppData\Local\Temp\metals7593278248633817303\sbt-launch.jar -Dbloop.export-jar-classifiers=sources bloopInstall
2022.02.18 16:33:23 INFO  Disconnecting from Bloop session...
2022.02.18 16:33:22 INFO  Shut down connection with build server.
2022.02.18 16:33:23 INFO  Shut down connection with build server.
2022.02.18 16:33:23 INFO  Attempting to connect to the build server...
2022.02.18 16:33:23 INFO  tracing is disabled for protocol BSP, to enable tracing of incoming and outgoing JSON messages create an empty file at C:\Users\hadij\Downloads\spark-lab-json\.metals\bsp.trace.json or C:\Users\hadij\AppData\Local\scalameta\metals\cache\bsp.trace.json
2022.02.18 16:33:23 INFO  Attempting to connect to the build server...
2022.02.18 16:33:23 INFO  tracing is disabled for protocol BSP, to enable tracing of incoming and outgoing JSON messages create an empty file at C:\Users\hadij\Downloads\spark-lab-json\project\.metals\bsp.trace.json or C:\Users\hadij\AppData\Local\scalameta\metals\cache\bsp.trace.json
2022.02.18 16:33:23 INFO  time: Connected to build server in 77ms
2022.02.18 16:33:23 INFO  Connected to Build server: Bloop v1.4.12
2022.02.18 16:33:23 INFO  [info] loading settings for project spark-lab-json-build from metals.sbt ...
2022.02.18 16:33:24 INFO  time: ran 'sbt bloopInstall' in 1.16s
2022.02.18 16:33:24 ERROR sbt command failed: C:\Program Files (x86)\Java\jre1.8.0_311\bin\java -Djline.terminal=jline.UnsupportedTerminal -Dsbt.log.noformat=true -Dfile.encoding=UTF-8 -jar C:\Users\hadij\AppData\Local\Temp\metals579391800075241574\sbt-launch.jar -Dbloop.export-jar-classifiers=sources bloopInstall
2022.02.18 16:33:24 INFO  Disconnecting from Bloop session...
2022.02.18 16:33:23 INFO  Shut down connection with build server.
2022.02.18 16:33:24 INFO  Shut down connection with build server.
2022.02.18 16:33:24 INFO  Attempting to connect to the build server...
2022.02.18 16:33:24 INFO  tracing is disabled for protocol BSP, to enable tracing of incoming and outgoing JSON messages create an empty file at C:\Users\hadij\Downloads\spark-lab-json\.metals\bsp.trace.json or C:\Users\hadij\AppData\Local\scalameta\metals\cache\bsp.trace.json
2022.02.18 16:33:24 INFO  Attempting to connect to the build server...
2022.02.18 16:33:24 INFO  tracing is disabled for protocol BSP, to enable tracing of incoming and outgoing JSON messages create an empty file at C:\Users\hadij\Downloads\spark-lab-json\project\.metals\bsp.trace.json or C:\Users\hadij\AppData\Local\scalameta\metals\cache\bsp.trace.json
2022.02.18 16:33:24 INFO  time: Connected to build server in 66ms
2022.02.18 16:33:24 INFO  Connected to Build server: Bloop v1.4.12
2022.02.18 16:33:23 INFO  [info] loading project definition from C:\Users\hadij\Downloads\spark-lab-json\project
2022.02.18 16:33:24 INFO  time: ran 'sbt bloopInstall' in 1.08s
2022.02.18 16:33:24 ERROR sbt command failed: C:\Program Files (x86)\Java\jre1.8.0_311\bin\java -Djline.terminal=jline.UnsupportedTerminal -Dsbt.log.noformat=true -Dfile.encoding=UTF-8 -jar C:\Users\hadij\AppData\Local\Temp\metals4953608782086402705\sbt-launch.jar -Dbloop.export-jar-classifiers=sources bloopInstall
2022.02.18 16:33:24 INFO  Disconnecting from Bloop session...
2022.02.18 16:33:24 INFO  Shut down connection with build server.
2022.02.18 16:33:24 INFO  Shut down connection with build server.
2022.02.18 16:33:24 INFO  Attempting to connect to the build server...
2022.02.18 16:33:24 INFO  tracing is disabled for protocol BSP, to enable tracing of incoming and outgoing JSON messages create an empty file at C:\Users\hadij\Downloads\spark-lab-json\.metals\bsp.trace.json or C:\Users\hadij\AppData\Local\scalameta\metals\cache\bsp.trace.json
2022.02.18 16:33:24 INFO  Attempting to connect to the build server...
2022.02.18 16:33:24 INFO  tracing is disabled for protocol BSP, to enable tracing of incoming and outgoing JSON messages create an empty file at C:\Users\hadij\Downloads\spark-lab-json\project\.metals\bsp.trace.json or C:\Users\hadij\AppData\Local\scalameta\metals\cache\bsp.trace.json
2022.02.18 16:33:24 INFO  time: Connected to build server in 53ms
2022.02.18 16:33:24 INFO  Connected to Build server: Bloop v1.4.12
2022.02.18 16:33:26 WARN  Could not find java sources in None. Java symbols will not be available.
2022.02.18 16:33:26 WARN  Could not find java sources in None. Java symbols will not be available.
2022.02.18 16:33:27 INFO  [success] Generated .bloop\spark-lab-json-build.json
2022.02.18 16:33:27 INFO  [success] Total time: 3 s, completed 18 févr. 2022 16:33:27
2022.02.18 16:33:27 WARN  Could not find java sources in None. Java symbols will not be available.
2022.02.18 16:33:27 INFO  [info] loading settings for project spark-lab-json from build.sbt ...
2022.02.18 16:33:27 INFO  time: indexed workspace in 4.5s
2022.02.18 16:33:27 INFO  [info] set current project to Spark Project (in build file:/C:/Users/hadij/Downloads/spark-lab-json/)
2022.02.18 16:33:27 WARN  Could not find java sources in None. Java symbols will not be available.
2022.02.18 16:33:27 INFO  time: indexed workspace in 4.57s
2022.02.18 16:33:28 WARN  Could not find java sources in None. Java symbols will not be available.
2022.02.18 16:33:28 INFO  time: indexed workspace in 4.88s
2022.02.18 16:33:29 INFO  time: indexed workspace in 5.11s
2022.02.18 16:33:29 INFO  time: indexed workspace in 5.23s
error: C:\Users\hadij\Downloads\spark-lab-json\.metals\.tmp\.metals\.tmp\Main-5619106821603994117.scala is not a file
error: C:\Users\hadij\Downloads\spark-lab-json\.metals\.tmp\.metals\.tmp\Main4163988210138403230.scala is not a file
error: C:\Users\hadij\Downloads\spark-lab-json\.metals\.tmp\.metals\.tmp\Main6636162800217865706.scala is not a file
2022.02.18 16:33:31 INFO  [success] Generated .bloop\spark-lab-json.json
2022.02.18 16:33:31 INFO  [success] Generated .bloop\spark-lab-json-test.json
2022.02.18 16:33:31 INFO  [success] Total time: 4 s, completed 18 févr. 2022 16:33:31
2022.02.18 16:33:31 INFO  time: ran 'sbt bloopInstall' in 10s
2022.02.18 16:33:31 INFO  Disconnecting from Bloop session...
2022.02.18 16:33:31 INFO  Shut down connection with build server.
2022.02.18 16:33:31 INFO  Shut down connection with build server.
2022.02.18 16:33:31 INFO  Attempting to connect to the build server...
fvr. 18, 2022 4:33:31 PM org.eclipse.lsp4j.jsonrpc.RemoteEndpoint fallbackResponseError
GRAVE: Internal error: scala.meta.internal.metals.MetalsBspException: BSP connection failed in the attempt to get: CompileResult.  Boxed InterruptedException
java.util.concurrent.CompletionException: scala.meta.internal.metals.MetalsBspException: BSP connection failed in the attempt to get: CompileResult.  Boxed InterruptedException
	at java.util.concurrent.CompletableFuture.encodeThrowable(Unknown Source)
	at java.util.concurrent.CompletableFuture.completeThrowable(Unknown Source)
	at java.util.concurrent.CompletableFuture.uniAccept(Unknown Source)
	at java.util.concurrent.CompletableFuture$UniAccept.tryFire(Unknown Source)
	at java.util.concurrent.CompletableFuture.postComplete(Unknown Source)
	at java.util.concurrent.CompletableFuture.completeExceptionally(Unknown Source)
	at scala.concurrent.java8.FuturesConvertersImpl$CF.apply(FutureConvertersImpl.scala:29)
	at scala.concurrent.java8.FuturesConvertersImpl$CF.apply(FutureConvertersImpl.scala:26)
	at scala.concurrent.impl.CallbackRunnable.run(Promise.scala:64)
	at scala.concurrent.BatchingExecutor$Batch.processBatch$1(BatchingExecutor.scala:67)
	at scala.concurrent.BatchingExecutor$Batch.$anonfun$run$1(BatchingExecutor.scala:82)
	at scala.runtime.java8.JFunction0$mcV$sp.apply(JFunction0$mcV$sp.java:23)
	at scala.concurrent.BlockContext$.withBlockContext(BlockContext.scala:85)
	at scala.concurrent.BatchingExecutor$Batch.run(BatchingExecutor.scala:59)
	at scala.concurrent.Future$InternalCallbackExecutor$.unbatchedExecute(Future.scala:875)
	at scala.concurrent.BatchingExecutor.execute(BatchingExecutor.scala:110)
	at scala.concurrent.BatchingExecutor.execute$(BatchingExecutor.scala:107)
	at scala.concurrent.Future$InternalCallbackExecutor$.execute(Future.scala:873)
	at scala.concurrent.impl.CallbackRunnable.executeWithValue(Promise.scala:72)
	at scala.concurrent.impl.Promise$DefaultPromise.$anonfun$tryComplete$1(Promise.scala:288)
	at scala.concurrent.impl.Promise$DefaultPromise.$anonfun$tryComplete$1$adapted(Promise.scala:288)
	at scala.concurrent.impl.Promise$DefaultPromise.tryComplete(Promise.scala:288)
	at scala.concurrent.Promise.complete(Promise.scala:53)
	at scala.concurrent.Promise.complete$(Promise.scala:52)
	at scala.concurrent.impl.Promise$DefaultPromise.complete(Promise.scala:187)
	at scala.concurrent.impl.Promise.$anonfun$transform$1(Promise.scala:33)
	at scala.concurrent.impl.CallbackRunnable.run(Promise.scala:64)
	at java.util.concurrent.ThreadPoolExecutor.runWorker(Unknown Source)
	at java.util.concurrent.ThreadPoolExecutor$Worker.run(Unknown Source)
	at java.lang.Thread.run(Unknown Source)
Caused by: scala.meta.internal.metals.MetalsBspException: BSP connection failed in the attempt to get: CompileResult.  Boxed InterruptedException
	at scala.meta.internal.metals.BuildServerConnection$$anonfun$1.$anonfun$applyOrElse$4(BuildServerConnection.scala:282)
	at scala.Option.getOrElse(Option.scala:189)
	at scala.meta.internal.metals.BuildServerConnection$$anonfun$1.applyOrElse(BuildServerConnection.scala:280)
	at scala.meta.internal.metals.BuildServerConnection$$anonfun$1.applyOrElse(BuildServerConnection.scala:268)
	at scala.concurrent.Future.$anonfun$recoverWith$1(Future.scala:417)
	at scala.concurrent.impl.Promise.$anonfun$transformWith$1(Promise.scala:41)
	... 4 more

fvr. 18, 2022 4:33:31 PM org.eclipse.lsp4j.jsonrpc.RemoteEndpoint fallbackResponseError
GRAVE: Internal error: scala.meta.internal.metals.MetalsBspException: BSP connection failed in the attempt to get: CompileResult.  Boxed InterruptedException
java.util.concurrent.CompletionException: scala.meta.internal.metals.MetalsBspException: BSP connection failed in the attempt to get: CompileResult.  Boxed InterruptedException
	at java.util.concurrent.CompletableFuture.encodeThrowable(Unknown Source)
	at java.util.concurrent.CompletableFuture.completeThrowable(Unknown Source)
	at java.util.concurrent.CompletableFuture.uniAccept(Unknown Source)
	at java.util.concurrent.CompletableFuture$UniAccept.tryFire(Unknown Source)
	at java.util.concurrent.CompletableFuture.postComplete(Unknown Source)
	at java.util.concurrent.CompletableFuture.completeExceptionally(Unknown Source)
	at scala.concurrent.java8.FuturesConvertersImpl$CF.apply(FutureConvertersImpl.scala:29)
	at scala.concurrent.java8.FuturesConvertersImpl$CF.apply(FutureConvertersImpl.scala:26)
	at scala.concurrent.impl.CallbackRunnable.run(Promise.scala:64)
	at scala.concurrent.BatchingExecutor$Batch.processBatch$1(BatchingExecutor.scala:67)
	at scala.concurrent.BatchingExecutor$Batch.$anonfun$run$1(BatchingExecutor.scala:82)
	at scala.runtime.java8.JFunction0$mcV$sp.apply(JFunction0$mcV$sp.java:23)
	at scala.concurrent.BlockContext$.withBlockContext(BlockContext.scala:85)
	at scala.concurrent.BatchingExecutor$Batch.run(BatchingExecutor.scala:59)
	at scala.concurrent.Future$InternalCallbackExecutor$.unbatchedExecute(Future.scala:875)
	at scala.concurrent.BatchingExecutor.execute(BatchingExecutor.scala:110)
	at scala.concurrent.BatchingExecutor.execute$(BatchingExecutor.scala:107)
	at scala.concurrent.Future$InternalCallbackExecutor$.execute(Future.scala:873)
	at scala.concurrent.impl.CallbackRunnable.executeWithValue(Promise.scala:72)
	at scala.concurrent.impl.Promise$DefaultPromise.$anonfun$tryComplete$1(Promise.scala:288)
	at scala.concurrent.impl.Promise$DefaultPromise.$anonfun$tryComplete$1$adapted(Promise.scala:288)
	at scala.concurrent.impl.Promise$DefaultPromise.tryComplete(Promise.scala:288)
	at scala.concurrent.Promise.complete(Promise.scala:53)
	at scala.concurrent.Promise.complete$(Promise.scala:52)
	at scala.concurrent.impl.Promise$DefaultPromise.complete(Promise.scala:187)
	at scala.concurrent.impl.Promise.$anonfun$transform$1(Promise.scala:33)
	at scala.concurrent.impl.CallbackRunnable.run(Promise.scala:64)
	at java.util.concurrent.ThreadPoolExecutor.runWorker(Unknown Source)
	at java.util.concurrent.ThreadPoolExecutor$Worker.run(Unknown Source)
	at java.lang.Thread.run(Unknown Source)
Caused by: scala.meta.internal.metals.MetalsBspException: BSP connection failed in the attempt to get: CompileResult.  Boxed InterruptedException
	at scala.meta.internal.metals.BuildServerConnection$$anonfun$1.$anonfun$applyOrElse$4(BuildServerConnection.scala:282)
	at scala.Option.getOrElse(Option.scala:189)
	at scala.meta.internal.metals.BuildServerConnection$$anonfun$1.applyOrElse(BuildServerConnection.scala:280)
	at scala.meta.internal.metals.BuildServerConnection$$anonfun$1.applyOrElse(BuildServerConnection.scala:268)
	at scala.concurrent.Future.$anonfun$recoverWith$1(Future.scala:417)
	at scala.concurrent.impl.Promise.$anonfun$transformWith$1(Promise.scala:41)
	... 4 more

fvr. 18, 2022 4:33:31 PM org.eclipse.lsp4j.jsonrpc.RemoteEndpoint fallbackResponseError
GRAVE: Internal error: scala.meta.internal.metals.MetalsBspException: BSP connection failed in the attempt to get: CompileResult.  Boxed InterruptedException
java.util.concurrent.CompletionException: scala.meta.internal.metals.MetalsBspException: BSP connection failed in the attempt to get: CompileResult.  Boxed InterruptedException
	at java.util.concurrent.CompletableFuture.encodeThrowable(Unknown Source)
	at java.util.concurrent.CompletableFuture.completeThrowable(Unknown Source)
	at java.util.concurrent.CompletableFuture.uniAccept(Unknown Source)
	at java.util.concurrent.CompletableFuture$UniAccept.tryFire(Unknown Source)
	at java.util.concurrent.CompletableFuture.postComplete(Unknown Source)
	at java.util.concurrent.CompletableFuture.completeExceptionally(Unknown Source)
	at scala.concurrent.java8.FuturesConvertersImpl$CF.apply(FutureConvertersImpl.scala:29)
	at scala.concurrent.java8.FuturesConvertersImpl$CF.apply(FutureConvertersImpl.scala:26)
	at scala.concurrent.impl.CallbackRunnable.run(Promise.scala:64)
	at scala.concurrent.BatchingExecutor$Batch.processBatch$1(BatchingExecutor.scala:67)
	at scala.concurrent.BatchingExecutor$Batch.$anonfun$run$1(BatchingExecutor.scala:82)
	at scala.runtime.java8.JFunction0$mcV$sp.apply(JFunction0$mcV$sp.java:23)
	at scala.concurrent.BlockContext$.withBlockContext(BlockContext.scala:85)
	at scala.concurrent.BatchingExecutor$Batch.run(BatchingExecutor.scala:59)
	at scala.concurrent.Future$InternalCallbackExecutor$.unbatchedExecute(Future.scala:875)
	at scala.concurrent.BatchingExecutor.execute(BatchingExecutor.scala:110)
	at scala.concurrent.BatchingExecutor.execute$(BatchingExecutor.scala:107)
	at scala.concurrent.Future$InternalCallbackExecutor$.execute(Future.scala:873)
	at scala.concurrent.impl.CallbackRunnable.executeWithValue(Promise.scala:72)
	at scala.concurrent.impl.Promise$DefaultPromise.$anonfun$tryComplete$1(Promise.scala:288)
	at scala.concurrent.impl.Promise$DefaultPromise.$anonfun$tryComplete$1$adapted(Promise.scala:288)
	at scala.concurrent.impl.Promise$DefaultPromise.tryComplete(Promise.scala:288)
	at scala.concurrent.Promise.complete(Promise.scala:53)
	at scala.concurrent.Promise.complete$(Promise.scala:52)
	at scala.concurrent.impl.Promise$DefaultPromise.complete(Promise.scala:187)
	at scala.concurrent.impl.Promise.$anonfun$transform$1(Promise.scala:33)
	at scala.concurrent.impl.CallbackRunnable.run(Promise.scala:64)
	at java.util.concurrent.ThreadPoolExecutor.runWorker(Unknown Source)
	at java.util.concurrent.ThreadPoolExecutor$Worker.run(Unknown Source)
	at java.lang.Thread.run(Unknown Source)
Caused by: scala.meta.internal.metals.MetalsBspException: BSP connection failed in the attempt to get: CompileResult.  Boxed InterruptedException
	at scala.meta.internal.metals.BuildServerConnection$$anonfun$1.$anonfun$applyOrElse$4(BuildServerConnection.scala:282)
	at scala.Option.getOrElse(Option.scala:189)
	at scala.meta.internal.metals.BuildServerConnection$$anonfun$1.applyOrElse(BuildServerConnection.scala:280)
	at scala.meta.internal.metals.BuildServerConnection$$anonfun$1.applyOrElse(BuildServerConnection.scala:268)
	at scala.concurrent.Future.$anonfun$recoverWith$1(Future.scala:417)
	at scala.concurrent.impl.Promise.$anonfun$transformWith$1(Promise.scala:41)
	... 4 more

2022.02.18 16:33:31 INFO  tracing is disabled for protocol BSP, to enable tracing of incoming and outgoing JSON messages create an empty file at C:\Users\hadij\Downloads\spark-lab-json\.metals\bsp.trace.json or C:\Users\hadij\AppData\Local\scalameta\metals\cache\bsp.trace.json
2022.02.18 16:33:31 INFO  Attempting to connect to the build server...
2022.02.18 16:33:31 INFO  tracing is disabled for protocol BSP, to enable tracing of incoming and outgoing JSON messages create an empty file at C:\Users\hadij\Downloads\spark-lab-json\project\.metals\bsp.trace.json or C:\Users\hadij\AppData\Local\scalameta\metals\cache\bsp.trace.json
2022.02.18 16:33:31 INFO  time: Connected to build server in 77ms
2022.02.18 16:33:31 INFO  Connected to Build server: Bloop v1.4.12
2022.02.18 16:33:34 WARN  Could not find java sources in None. Java symbols will not be available.
2022.02.18 16:33:34 INFO  time: indexed workspace in 2.76s
fvr. 18, 2022 4:35:56 PM org.eclipse.lsp4j.jsonrpc.services.GenericEndpoint notify
INFOS: Unsupported notification method: $/setTrace
fvr. 18, 2022 4:37:05 PM org.eclipse.lsp4j.jsonrpc.services.GenericEndpoint notify
INFOS: Unsupported notification method: $/setTrace
fvr. 18, 2022 4:37:26 PM org.eclipse.lsp4j.jsonrpc.services.GenericEndpoint notify
INFOS: Unsupported notification method: $/setTrace
fvr. 18, 2022 4:37:26 PM org.eclipse.lsp4j.jsonrpc.services.GenericEndpoint notify
INFOS: Unsupported notification method: $/setTrace
fvr. 18, 2022 4:37:34 PM org.eclipse.lsp4j.jsonrpc.services.GenericEndpoint notify
INFOS: Unsupported notification method: $/setTrace
fvr. 18, 2022 4:37:35 PM org.eclipse.lsp4j.jsonrpc.services.GenericEndpoint notify
INFOS: Unsupported notification method: $/setTrace
fvr. 18, 2022 4:37:36 PM org.eclipse.lsp4j.jsonrpc.services.GenericEndpoint notify
INFOS: Unsupported notification method: $/setTrace
fvr. 18, 2022 4:37:43 PM org.eclipse.lsp4j.jsonrpc.services.GenericEndpoint notify
INFOS: Unsupported notification method: $/setTrace
2022.02.19 17:57:23 INFO  tracing is disabled for protocol LSP, to enable tracing of incoming and outgoing JSON messages create an empty file at c:\Users\hadij\Downloads\spark-lab-json\.metals\lsp.trace.json or C:\Users\hadij\AppData\Local\scalameta\metals\cache\lsp.trace.json
2022.02.19 17:57:24 INFO  logging to file C:\Users\hadij\Downloads\spark-lab-json\.metals\metals.log
2022.02.19 17:57:24 INFO  Started: Metals version 0.11.1 in workspace 'C:\Users\hadij\Downloads\spark-lab-json' for client Visual Studio Code 1.64.2.
2022.02.19 17:57:24 INFO  Parse release: 17.0.2
2022.02.19 17:57:26 INFO  time: initialize in 2.11s
2022.02.19 17:57:31 INFO  Attempting to connect to the build server...
2022.02.19 17:57:32 INFO  skipping build import with status 'Installed'
2022.02.19 17:57:35 INFO  no build target found for C:\Users\hadij\Downloads\spark-lab-json\build.sbt. Using presentation compiler with project's scala-library version: 3.1.0
2022.02.19 17:57:35 INFO  tracing is disabled for protocol BSP, to enable tracing of incoming and outgoing JSON messages create an empty file at C:\Users\hadij\Downloads\spark-lab-json\.metals\bsp.trace.json or C:\Users\hadij\AppData\Local\scalameta\metals\cache\bsp.trace.json
2022.02.19 17:57:35 INFO  Attempting to connect to the build server...
2022.02.19 17:57:35 INFO  tracing is disabled for protocol BSP, to enable tracing of incoming and outgoing JSON messages create an empty file at C:\Users\hadij\Downloads\spark-lab-json\project\.metals\bsp.trace.json or C:\Users\hadij\AppData\Local\scalameta\metals\cache\bsp.trace.json
2022.02.19 17:57:35 INFO  time: Connected to build server in 4.05s
2022.02.19 17:57:35 INFO  Connected to Build server: Bloop v1.4.12
2022.02.19 17:57:35 INFO  time: Imported build in 0.21s
2022.02.19 17:57:36 INFO  time: code lens generation in 4.68s
2022.02.19 17:57:37 INFO  no build target found for C:\Users\hadij\Downloads\spark-lab-json\build.sbt. Using presentation compiler with project's scala-library version: 3.1.0
2022.02.19 17:57:37 INFO  time: code lens generation in 6.41s
2022.02.19 17:57:40 INFO  time: indexed workspace in 4.49s
2022.02.19 18:15:27 INFO  compiling spark-lab-json (1 scala source)
2022.02.19 18:15:36 INFO  time: compiled spark-lab-json in 8.51s
2022.02.19 18:15:36 INFO  compiling spark-lab-json (1 scala source)
2022.02.19 18:15:36 INFO  time: compiled spark-lab-json in 0.24s
2022.02.19 18:15:37 INFO  compiling spark-lab-json (1 scala source)
2022.02.19 18:15:37 INFO  time: compiled spark-lab-json in 0.14s
2022.02.19 18:15:44 INFO  compiling spark-lab-json (1 scala source)
2022.02.19 18:15:44 INFO  time: compiled spark-lab-json in 0.19s
2022.02.19 18:15:47 INFO  compiling spark-lab-json (1 scala source)
2022.02.19 18:15:47 INFO  time: compiled spark-lab-json in 0.18s
2022.02.19 18:15:50 INFO  compiling spark-lab-json (1 scala source)
2022.02.19 18:15:51 INFO  time: compiled spark-lab-json in 1.01s
2022.02.19 18:15:57 INFO  compiling spark-lab-json (1 scala source)
2022.02.19 18:15:57 INFO  time: compiled spark-lab-json in 0.61s
2022.02.19 18:16:01 INFO  compiling spark-lab-json (1 scala source)
2022.02.19 18:16:01 INFO  time: compiled spark-lab-json in 0.13s
2022.02.19 18:16:06 INFO  compiling spark-lab-json (1 scala source)
2022.02.19 18:16:06 INFO  time: compiled spark-lab-json in 0.19s
2022.02.19 18:16:19 INFO  compiling spark-lab-json (1 scala source)
2022.02.19 18:16:19 INFO  time: compiled spark-lab-json in 0.17s
2022.02.19 18:16:21 INFO  compiling spark-lab-json (1 scala source)
2022.02.19 18:16:21 INFO  time: compiled spark-lab-json in 0.2s
2022.02.19 18:16:22 INFO  compiling spark-lab-json (1 scala source)
2022.02.19 18:16:22 INFO  time: compiled spark-lab-json in 0.12s
2022.02.19 18:16:24 INFO  compiling spark-lab-json (1 scala source)
2022.02.19 18:16:24 INFO  time: compiled spark-lab-json in 0.18s
2022.02.19 18:16:28 INFO  compiling spark-lab-json (1 scala source)
2022.02.19 18:16:28 INFO  time: compiled spark-lab-json in 0.16s
2022.02.19 18:16:30 INFO  compiling spark-lab-json (1 scala source)
2022.02.19 18:16:30 INFO  time: compiled spark-lab-json in 0.58s
2022.02.19 18:16:33 INFO  compiling spark-lab-json (1 scala source)
2022.02.19 18:16:33 INFO  time: compiled spark-lab-json in 0.56s
2022.02.19 18:16:35 INFO  compiling spark-lab-json (1 scala source)
2022.02.19 18:16:35 INFO  time: compiled spark-lab-json in 0.52s
2022.02.19 18:16:37 INFO  compiling spark-lab-json (1 scala source)
2022.02.19 18:16:37 INFO  time: compiled spark-lab-json in 0.13s
2022.02.19 18:16:40 INFO  compiling spark-lab-json (1 scala source)
2022.02.19 18:16:40 INFO  time: compiled spark-lab-json in 0.16s
2022.02.19 18:16:42 INFO  compiling spark-lab-json (1 scala source)
2022.02.19 18:16:42 INFO  time: compiled spark-lab-json in 0.17s
2022.02.19 18:16:44 INFO  compiling spark-lab-json (1 scala source)
2022.02.19 18:16:44 INFO  time: compiled spark-lab-json in 0.13s
2022.02.19 18:16:45 INFO  compiling spark-lab-json (1 scala source)
2022.02.19 18:16:45 INFO  time: compiled spark-lab-json in 0.11s
2022.02.19 18:16:48 INFO  compiling spark-lab-json (1 scala source)
2022.02.19 18:16:48 INFO  time: compiled spark-lab-json in 0.71s
2022.02.19 18:16:51 INFO  compiling spark-lab-json (1 scala source)
2022.02.19 18:16:51 INFO  time: compiled spark-lab-json in 0.53s
2022.02.19 18:17:44 INFO  compiling spark-lab-json (1 scala source)
2022.02.19 18:17:44 INFO  time: compiled spark-lab-json in 0.17s
2022.02.19 18:17:48 INFO  compiling spark-lab-json (1 scala source)
2022.02.19 18:17:48 INFO  time: compiled spark-lab-json in 0.18s
2022.02.19 18:17:53 INFO  compiling spark-lab-json (1 scala source)
2022.02.19 18:17:53 INFO  time: compiled spark-lab-json in 0.18s
2022.02.19 18:17:56 INFO  compiling spark-lab-json (1 scala source)
2022.02.19 18:17:56 INFO  time: compiled spark-lab-json in 0.18s
2022.02.19 18:17:57 INFO  compiling spark-lab-json (1 scala source)
2022.02.19 18:17:57 INFO  time: compiled spark-lab-json in 0.14s
2022.02.19 18:17:59 INFO  compiling spark-lab-json (1 scala source)
2022.02.19 18:17:59 INFO  time: compiled spark-lab-json in 0.57s
2022.02.19 18:18:05 INFO  compiling spark-lab-json (1 scala source)
2022.02.19 18:18:05 INFO  time: compiled spark-lab-json in 0.51s
2022.02.19 18:18:07 INFO  compiling spark-lab-json (1 scala source)
2022.02.19 18:18:07 INFO  time: compiled spark-lab-json in 0.12s
2022.02.19 18:18:10 INFO  compiling spark-lab-json (1 scala source)
2022.02.19 18:18:10 INFO  time: compiled spark-lab-json in 0.16s
2022.02.19 18:18:12 INFO  compiling spark-lab-json (1 scala source)
2022.02.19 18:18:12 INFO  time: compiled spark-lab-json in 0.15s
2022.02.19 18:18:14 INFO  compiling spark-lab-json (1 scala source)
2022.02.19 18:18:14 INFO  time: compiled spark-lab-json in 0.17s
2022.02.19 18:18:18 INFO  compiling spark-lab-json (1 scala source)
2022.02.19 18:18:18 INFO  time: compiled spark-lab-json in 0.54s
2022.02.24 08:05:21 INFO  tracing is disabled for protocol LSP, to enable tracing of incoming and outgoing JSON messages create an empty file at c:\Users\hadij\Downloads\spark-lab-json\.metals\lsp.trace.json or C:\Users\hadij\AppData\Local\scalameta\metals\cache\lsp.trace.json
2022.02.24 08:05:22 INFO  logging to file C:\Users\hadij\Downloads\spark-lab-json\.metals\metals.log
2022.02.24 08:05:22 INFO  Started: Metals version 0.11.1 in workspace 'C:\Users\hadij\Downloads\spark-lab-json' for client Visual Studio Code 1.64.2.
2022.02.24 08:05:22 INFO  Parse release: 17.0.2
2022.02.24 08:05:23 INFO  time: initialize in 1.57s
2022.02.24 08:05:28 INFO  Attempting to connect to the build server...
2022.02.24 08:05:28 INFO  skipping build import with status 'Installed'
fvr. 24, 2022 8:05:28 AM org.eclipse.lsp4j.jsonrpc.RemoteEndpoint handleCancellation
WARNING: Unmatched cancel notification for request id 8
fvr. 24, 2022 8:05:28 AM org.eclipse.lsp4j.jsonrpc.RemoteEndpoint handleCancellation
WARNING: Unmatched cancel notification for request id 3
fvr. 24, 2022 8:05:28 AM org.eclipse.lsp4j.jsonrpc.RemoteEndpoint handleCancellation
WARNING: Unmatched cancel notification for request id 9
2022.02.24 08:05:31 INFO  tracing is disabled for protocol BSP, to enable tracing of incoming and outgoing JSON messages create an empty file at C:\Users\hadij\Downloads\spark-lab-json\.metals\bsp.trace.json or C:\Users\hadij\AppData\Local\scalameta\metals\cache\bsp.trace.json
2022.02.24 08:05:31 INFO  Attempting to connect to the build server...
2022.02.24 08:05:31 INFO  tracing is disabled for protocol BSP, to enable tracing of incoming and outgoing JSON messages create an empty file at C:\Users\hadij\Downloads\spark-lab-json\project\.metals\bsp.trace.json or C:\Users\hadij\AppData\Local\scalameta\metals\cache\bsp.trace.json
2022.02.24 08:05:31 INFO  time: Connected to build server in 3.58s
2022.02.24 08:05:31 INFO  Connected to Build server: Bloop v1.4.12
2022.02.24 08:05:32 INFO  no build target found for C:\Users\hadij\Downloads\spark-lab-json\src\main\scala\com\tp\spark\core\Ex0WordcountDF.scala. Using presentation compiler with project's scala-library version: 3.1.0
2022.02.24 08:05:32 INFO  time: code lens generation in 3.53s
2022.02.24 08:05:32 INFO  time: Imported build in 0.21s
2022.02.24 08:05:33 INFO  no build target found for C:\Users\hadij\Downloads\spark-lab-json\src\main\scala\com\tp\spark\core\Ex0WordcountDF.scala. Using presentation compiler with project's scala-library version: 3.1.0
fvr. 24, 2022 8:05:33 AM org.eclipse.lsp4j.jsonrpc.services.GenericEndpoint notify
INFO: Unsupported notification method: $/setTrace
fvr. 24, 2022 8:05:33 AM org.eclipse.lsp4j.jsonrpc.services.GenericEndpoint notify
INFO: Unsupported notification method: $/setTrace
fvr. 24, 2022 8:05:33 AM org.eclipse.lsp4j.jsonrpc.services.GenericEndpoint notify
INFO: Unsupported notification method: $/setTrace
fvr. 24, 2022 8:05:33 AM org.eclipse.lsp4j.jsonrpc.services.GenericEndpoint notify
INFO: Unsupported notification method: $/setTrace
2022.02.24 08:05:34 INFO  time: code lens generation in 5.93s
2022.02.24 08:05:40 INFO  time: indexed workspace in 7.77s
2022.03.03 08:13:06 INFO  tracing is disabled for protocol LSP, to enable tracing of incoming and outgoing JSON messages create an empty file at c:\Users\hadij\Downloads\spark-lab-json\.metals\lsp.trace.json or C:\Users\hadij\AppData\Local\scalameta\metals\cache\lsp.trace.json
2022.03.03 08:13:07 INFO  logging to file C:\Users\hadij\Downloads\spark-lab-json\.metals\metals.log
2022.03.03 08:13:07 INFO  Started: Metals version 0.11.1 in workspace 'C:\Users\hadij\Downloads\spark-lab-json' for client Visual Studio Code 1.64.2.
2022.03.03 08:13:07 INFO  Parse release: 17.0.2
2022.03.03 08:13:08 INFO  time: initialize in 1.71s
2022.03.03 08:13:12 INFO  Attempting to connect to the build server...
2022.03.03 08:13:13 INFO  skipping build import with status 'Installed'
mars 03, 2022 8:13:13 AM org.eclipse.lsp4j.jsonrpc.RemoteEndpoint handleCancellation
WARNING: Unmatched cancel notification for request id 3
2022.03.03 08:13:16 INFO  tracing is disabled for protocol BSP, to enable tracing of incoming and outgoing JSON messages create an empty file at C:\Users\hadij\Downloads\spark-lab-json\.metals\bsp.trace.json or C:\Users\hadij\AppData\Local\scalameta\metals\cache\bsp.trace.json
2022.03.03 08:13:16 INFO  Attempting to connect to the build server...
2022.03.03 08:13:16 INFO  tracing is disabled for protocol BSP, to enable tracing of incoming and outgoing JSON messages create an empty file at C:\Users\hadij\Downloads\spark-lab-json\project\.metals\bsp.trace.json or C:\Users\hadij\AppData\Local\scalameta\metals\cache\bsp.trace.json
2022.03.03 08:13:16 INFO  time: Connected to build server in 4.26s
2022.03.03 08:13:16 INFO  Connected to Build server: Bloop v1.4.12
mars 03, 2022 8:13:18 AM org.eclipse.lsp4j.jsonrpc.services.GenericEndpoint notify
INFO: Unsupported notification method: $/setTrace
mars 03, 2022 8:13:18 AM org.eclipse.lsp4j.jsonrpc.services.GenericEndpoint notify
INFO: Unsupported notification method: $/setTrace
2022.03.03 08:13:18 INFO  no build target found for C:\Users\hadij\Downloads\spark-lab-json\src\test\scala\com\tp\spark\core\Ex0WordcountSpec.scala. Using presentation compiler with project's scala-library version: 3.1.0
mars 03, 2022 8:13:18 AM org.eclipse.lsp4j.jsonrpc.services.GenericEndpoint notify
INFO: Unsupported notification method: $/setTrace
mars 03, 2022 8:13:18 AM org.eclipse.lsp4j.jsonrpc.services.GenericEndpoint notify
INFO: Unsupported notification method: $/setTrace
2022.03.03 08:13:18 INFO  time: code lens generation in 4.91s
2022.03.03 08:13:18 INFO  time: Imported build in 0.33s
2022.03.03 08:13:19 INFO  no build target found for C:\Users\hadij\Downloads\spark-lab-json\src\test\scala\com\tp\spark\core\Ex0WordcountSpec.scala. Using presentation compiler with project's scala-library version: 3.1.0
2022.03.03 08:13:21 INFO  time: code lens generation in 8.03s
2022.03.03 08:13:27 INFO  time: indexed workspace in 8.23s
mars 03, 2022 8:13:32 AM org.eclipse.lsp4j.jsonrpc.services.GenericEndpoint notify
INFO: Unsupported notification method: $/setTrace
2022.03.03 09:08:55 INFO  tracing is disabled for protocol BSP, to enable tracing of incoming and outgoing JSON messages create an empty file at C:\Users\hadij\Downloads\spark-lab-json\.metals\bsp.trace.json or C:\Users\hadij\AppData\Local\scalameta\metals\cache\bsp.trace.json
2022.03.03 09:08:55 INFO  tracing is disabled for protocol BSP, to enable tracing of incoming and outgoing JSON messages create an empty file at C:\Users\hadij\Downloads\spark-lab-json\.metals\bsp.trace.json or C:\Users\hadij\AppData\Local\scalameta\metals\cache\bsp.trace.json
2022.03.03 09:08:55 INFO  Connected to Build server: Bloop v1.4.12
2022.03.03 09:08:55 INFO  Connected to Build server: Bloop v1.4.12
2022.03.03 09:08:55 INFO  tracing is disabled for protocol BSP, to enable tracing of incoming and outgoing JSON messages create an empty file at C:\Users\hadij\Downloads\spark-lab-json\project\.metals\bsp.trace.json or C:\Users\hadij\AppData\Local\scalameta\metals\cache\bsp.trace.json
2022.03.03 09:08:55 INFO  time: Imported build in 0.12s
2022.03.03 09:08:58 INFO  time: indexed workspace in 2.67s
2022.03.03 09:10:53 INFO  compiling spark-lab-json (1 scala source)
2022.03.03 09:10:55 INFO  time: compiled spark-lab-json in 2.22s
2022.03.03 09:11:01 INFO  compiling spark-lab-json (1 scala source)
2022.03.03 09:11:01 INFO  time: compiled spark-lab-json in 0.74s
2022.03.03 09:11:18 INFO  compiling spark-lab-json (1 scala source)
2022.03.03 09:11:18 INFO  time: compiled spark-lab-json in 0.64s
2022.03.03 09:11:20 INFO  compiling spark-lab-json (1 scala source)
2022.03.03 09:11:20 INFO  time: compiled spark-lab-json in 0.62s
2022.03.03 09:11:23 INFO  compiling spark-lab-json (1 scala source)
2022.03.03 09:11:23 INFO  time: compiled spark-lab-json in 0.55s
2022.03.03 09:14:22 INFO  compiling spark-lab-json (1 scala source)
2022.03.03 09:14:22 INFO  time: compiled spark-lab-json in 0.68s
2022.03.03 09:43:39 INFO  tracing is disabled for protocol LSP, to enable tracing of incoming and outgoing JSON messages create an empty file at c:\Users\hadij\Downloads\spark-lab-json\.metals\lsp.trace.json or C:\Users\hadij\AppData\Local\scalameta\metals\cache\lsp.trace.json
2022.03.03 09:43:41 INFO  logging to file C:\Users\hadij\Downloads\spark-lab-json\.metals\metals.log
2022.03.03 09:43:41 INFO  Started: Metals version 0.11.1 in workspace 'C:\Users\hadij\Downloads\spark-lab-json' for client Visual Studio Code 1.64.2.
2022.03.03 09:43:41 INFO  Parse release: 11.0.14.1
2022.03.03 09:43:44 INFO  time: initialize in 3.13s
2022.03.03 09:43:48 INFO  Attempting to connect to the build server...
2022.03.03 09:43:48 INFO  skipping build import with status 'Installed'
mars 03, 2022 9:43:48 AM org.eclipse.lsp4j.jsonrpc.services.GenericEndpoint notify
INFOS: Unsupported notification method: $/setTrace
mars 03, 2022 9:43:48 AM org.eclipse.lsp4j.jsonrpc.services.GenericEndpoint notify
INFOS: Unsupported notification method: $/setTrace
mars 03, 2022 9:43:48 AM org.eclipse.lsp4j.jsonrpc.services.GenericEndpoint notify
INFOS: Unsupported notification method: $/setTrace
mars 03, 2022 9:43:48 AM org.eclipse.lsp4j.jsonrpc.services.GenericEndpoint notify
INFOS: Unsupported notification method: $/setTrace
2022.03.03 09:43:53 INFO  no build target found for C:\Users\hadij\Downloads\spark-lab-json\src\main\scala\com\tp\spark\core\Ex1UserMining.scala. Using presentation compiler with project's scala-library version: 3.1.0
2022.03.03 09:43:53 INFO  tracing is disabled for protocol BSP, to enable tracing of incoming and outgoing JSON messages create an empty file at C:\Users\hadij\Downloads\spark-lab-json\.metals\bsp.trace.json or C:\Users\hadij\AppData\Local\scalameta\metals\cache\bsp.trace.json
2022.03.03 09:43:53 INFO  Attempting to connect to the build server...
2022.03.03 09:43:53 INFO  tracing is disabled for protocol BSP, to enable tracing of incoming and outgoing JSON messages create an empty file at C:\Users\hadij\Downloads\spark-lab-json\project\.metals\bsp.trace.json or C:\Users\hadij\AppData\Local\scalameta\metals\cache\bsp.trace.json
2022.03.03 09:43:53 ERROR No `release` file found in C:\Program Files\Java\jdk-17.0.2 - using Bloop's JVM version 11.0.14.1
2022.03.03 09:43:53 INFO  time: Connected to build server in 5.46s
2022.03.03 09:43:53 INFO  Connected to Build server: Bloop v1.4.12
2022.03.03 09:43:53 INFO  time: Imported build in 0.24s
2022.03.03 09:43:54 INFO  time: code lens generation in 6.19s
2022.03.03 09:44:00 INFO  time: indexed workspace in 6.29s
